  [1m[36m (3.5ms)[0m  [1mCREATE TABLE "schema_migrations" ("version" varchar NOT NULL) [0m
  [1m[35m (0.2ms)[0m  select sqlite_version(*)
  [1m[36m (1.5ms)[0m  [1mCREATE UNIQUE INDEX "unique_schema_migrations" ON "schema_migrations" ("version")[0m
  [1m[35mActiveRecord::SchemaMigration Load (0.2ms)[0m  SELECT "schema_migrations".* FROM "schema_migrations"
Migrating to CreateUsers (20161123022846)
  [1m[36m (0.1ms)[0m  [1mbegin transaction[0m
  [1m[35m (0.5ms)[0m  CREATE TABLE "users" ("id" INTEGER PRIMARY KEY AUTOINCREMENT NOT NULL, "name" varchar, "email" varchar, "password" varchar, "created_at" datetime NOT NULL, "updated_at" datetime NOT NULL) 
  [1m[36mSQL (0.3ms)[0m  [1mINSERT INTO "schema_migrations" ("version") VALUES (?)[0m  [["version", "20161123022846"]]
  [1m[35m (1.2ms)[0m  commit transaction
  [1m[36mActiveRecord::SchemaMigration Load (0.1ms)[0m  [1mSELECT "schema_migrations".* FROM "schema_migrations"[0m
  [1m[36mActiveRecord::SchemaMigration Load (0.8ms)[0m  [1mSELECT "schema_migrations".* FROM "schema_migrations"[0m
Migrating to AddAgeToUsers (20161123023506)
  [1m[35m (0.1ms)[0m  begin transaction
  [1m[36m (10.8ms)[0m  [1mALTER TABLE "users" ADD "age" integer[0m
  [1m[35mSQL (0.6ms)[0m  INSERT INTO "schema_migrations" ("version") VALUES (?)  [["version", "20161123023506"]]
  [1m[36m (1.5ms)[0m  [1mcommit transaction[0m
  [1m[35mActiveRecord::SchemaMigration Load (0.2ms)[0m  SELECT "schema_migrations".* FROM "schema_migrations"
  [1m[36mUser Exists (0.5ms)[0m  [1mSELECT  1 AS one FROM "users" WHERE LOWER("users"."email") = LOWER('todd@todd.com') LIMIT 1[0m
  [1m[35mUser Exists (0.2ms)[0m  SELECT  1 AS one FROM "users" WHERE LOWER("users"."email") = LOWER('todd@todd.com') LIMIT 1
  [1m[36mUser Exists (0.2ms)[0m  [1mSELECT  1 AS one FROM "users" WHERE LOWER("users"."email") = LOWER('todd@todd.com') LIMIT 1[0m
  [1m[35m (0.1ms)[0m  begin transaction
  [1m[36mUser Exists (0.2ms)[0m  [1mSELECT  1 AS one FROM "users" WHERE LOWER("users"."email") = LOWER('todd@todd.com') LIMIT 1[0m
  [1m[35m (0.2ms)[0m  rollback transaction
  [1m[36mUser Load (0.3ms)[0m  [1mSELECT "users".* FROM "users"[0m
  [1m[35m (0.1ms)[0m  begin transaction
  [1m[36mUser Exists (0.3ms)[0m  [1mSELECT  1 AS one FROM "users" WHERE LOWER("users"."email") = LOWER('todd@todd.com') LIMIT 1[0m
  [1m[35mSQL (13.1ms)[0m  INSERT INTO "users" ("name", "email", "password", "age", "created_at", "updated_at") VALUES (?, ?, ?, ?, ?, ?)  [["name", "Todd"], ["email", "todd@todd.com"], ["password", "password"], ["age", 32], ["created_at", "2016-11-23 02:45:00.671916"], ["updated_at", "2016-11-23 02:45:00.671916"]]
  [1m[36m (4.3ms)[0m  [1mcommit transaction[0m
  [1m[36mActiveRecord::SchemaMigration Load (0.2ms)[0m  [1mSELECT "schema_migrations".* FROM "schema_migrations"[0m
  [1m[35mActiveRecord::SchemaMigration Load (0.2ms)[0m  SELECT "schema_migrations".* FROM "schema_migrations"
  [1m[36m (37.4ms)[0m  [1mCREATE TABLE "users" ("id" INTEGER PRIMARY KEY AUTOINCREMENT NOT NULL, "name" varchar, "email" varchar, "password" varchar, "created_at" datetime NOT NULL, "updated_at" datetime NOT NULL, "age" integer) [0m
  [1m[35m (6.4ms)[0m  CREATE TABLE "schema_migrations" ("version" varchar NOT NULL) 
  [1m[36m (0.3ms)[0m  [1mselect sqlite_version(*)[0m
  [1m[35m (2.2ms)[0m  CREATE UNIQUE INDEX "unique_schema_migrations" ON "schema_migrations" ("version")
  [1m[36m (0.4ms)[0m  [1mSELECT version FROM "schema_migrations"[0m
  [1m[35m (1.4ms)[0m  INSERT INTO "schema_migrations" (version) VALUES ('20161123023506')
  [1m[36m (43.4ms)[0m  [1mCREATE TABLE "users" ("id" INTEGER PRIMARY KEY AUTOINCREMENT NOT NULL, "name" varchar, "email" varchar, "password" varchar, "created_at" datetime NOT NULL, "updated_at" datetime NOT NULL, "age" integer) [0m
  [1m[35m (2.5ms)[0m  CREATE TABLE "schema_migrations" ("version" varchar NOT NULL) 
  [1m[36m (0.2ms)[0m  [1mselect sqlite_version(*)[0m
  [1m[35m (2.4ms)[0m  CREATE UNIQUE INDEX "unique_schema_migrations" ON "schema_migrations" ("version")
  [1m[36m (0.4ms)[0m  [1mSELECT version FROM "schema_migrations"[0m
  [1m[35m (10.4ms)[0m  INSERT INTO "schema_migrations" (version) VALUES ('20161123023506')
  [1m[36mActiveRecord::SchemaMigration Load (0.3ms)[0m  [1mSELECT "schema_migrations".* FROM "schema_migrations"[0m
  [1m[36mActiveRecord::SchemaMigration Load (0.4ms)[0m  [1mSELECT "schema_migrations".* FROM "schema_migrations"[0m
Migrating to CreateUsers (20161123025050)
  [1m[35m (0.2ms)[0m  begin transaction
  [1m[36m (0.5ms)[0m  [1mCREATE TABLE "users" ("id" INTEGER PRIMARY KEY AUTOINCREMENT NOT NULL, "name" varchar, "email" varchar, "password" varchar, "age" integer, "created_at" datetime NOT NULL, "updated_at" datetime NOT NULL) [0m
  [1m[35m (0.1ms)[0m  rollback transaction
  [1m[36mActiveRecord::SchemaMigration Load (0.3ms)[0m  [1mSELECT "schema_migrations".* FROM "schema_migrations"[0m
Migrating to CreateUsers (20161123025050)
  [1m[35m (0.1ms)[0m  begin transaction
  [1m[36m (1.9ms)[0m  [1mCREATE TABLE "users" ("id" INTEGER PRIMARY KEY AUTOINCREMENT NOT NULL, "name" varchar, "email" varchar, "password" varchar, "age" integer, "created_at" datetime NOT NULL, "updated_at" datetime NOT NULL) [0m
  [1m[35m (0.2ms)[0m  rollback transaction
  [1m[36mActiveRecord::SchemaMigration Load (0.3ms)[0m  [1mSELECT "schema_migrations".* FROM "schema_migrations"[0m
Migrating to DropUsers (20161123025218)
  [1m[35m (0.1ms)[0m  begin transaction
  [1m[36m (12.2ms)[0m  [1mDROP TABLE "users"[0m
  [1m[35mSQL (0.5ms)[0m  INSERT INTO "schema_migrations" ("version") VALUES (?)  [["version", "20161123025218"]]
  [1m[36m (1.8ms)[0m  [1mcommit transaction[0m
  [1m[35mActiveRecord::SchemaMigration Load (0.3ms)[0m  SELECT "schema_migrations".* FROM "schema_migrations"


Started GET "/" for ::1 at 2016-11-22 19:01:45 -0800
  [1m[36mActiveRecord::SchemaMigration Load (0.6ms)[0m  [1mSELECT "schema_migrations".* FROM "schema_migrations"[0m

ActiveRecord::PendingMigrationError (

Migrations are pending. To resolve this issue, run:

	bin/rake db:migrate RAILS_ENV=development

):
  activerecord (4.2.5.1) lib/active_record/migration.rb:392:in `check_pending!'
  activerecord (4.2.5.1) lib/active_record/migration.rb:373:in `call'
  actionpack (4.2.5.1) lib/action_dispatch/middleware/callbacks.rb:29:in `block in call'
  activesupport (4.2.5.1) lib/active_support/callbacks.rb:88:in `__run_callbacks__'
  activesupport (4.2.5.1) lib/active_support/callbacks.rb:778:in `_run_call_callbacks'
  activesupport (4.2.5.1) lib/active_support/callbacks.rb:81:in `run_callbacks'
  actionpack (4.2.5.1) lib/action_dispatch/middleware/callbacks.rb:27:in `call'
  actionpack (4.2.5.1) lib/action_dispatch/middleware/reloader.rb:73:in `call'
  actionpack (4.2.5.1) lib/action_dispatch/middleware/remote_ip.rb:78:in `call'
  actionpack (4.2.5.1) lib/action_dispatch/middleware/debug_exceptions.rb:17:in `call'
  web-console (2.3.0) lib/web_console/middleware.rb:28:in `block in call'
  web-console (2.3.0) lib/web_console/middleware.rb:18:in `catch'
  web-console (2.3.0) lib/web_console/middleware.rb:18:in `call'
  actionpack (4.2.5.1) lib/action_dispatch/middleware/show_exceptions.rb:30:in `call'
  railties (4.2.5.1) lib/rails/rack/logger.rb:38:in `call_app'
  railties (4.2.5.1) lib/rails/rack/logger.rb:20:in `block in call'
  activesupport (4.2.5.1) lib/active_support/tagged_logging.rb:68:in `block in tagged'
  activesupport (4.2.5.1) lib/active_support/tagged_logging.rb:26:in `tagged'
  activesupport (4.2.5.1) lib/active_support/tagged_logging.rb:68:in `tagged'
  railties (4.2.5.1) lib/rails/rack/logger.rb:20:in `call'
  actionpack (4.2.5.1) lib/action_dispatch/middleware/request_id.rb:21:in `call'
  rack (1.6.5) lib/rack/methodoverride.rb:22:in `call'
  rack (1.6.5) lib/rack/runtime.rb:18:in `call'
  activesupport (4.2.5.1) lib/active_support/cache/strategy/local_cache_middleware.rb:28:in `call'
  rack (1.6.5) lib/rack/lock.rb:17:in `call'
  actionpack (4.2.5.1) lib/action_dispatch/middleware/static.rb:116:in `call'
  rack (1.6.5) lib/rack/sendfile.rb:113:in `call'
  railties (4.2.5.1) lib/rails/engine.rb:518:in `call'
  railties (4.2.5.1) lib/rails/application.rb:165:in `call'
  rack (1.6.5) lib/rack/lock.rb:17:in `call'
  rack (1.6.5) lib/rack/content_length.rb:15:in `call'
  rack (1.6.5) lib/rack/handler/webrick.rb:88:in `service'
  /Users/Todd/.rvm/rubies/ruby-2.2.1/lib/ruby/2.2.0/webrick/httpserver.rb:138:in `service'
  /Users/Todd/.rvm/rubies/ruby-2.2.1/lib/ruby/2.2.0/webrick/httpserver.rb:94:in `run'
  /Users/Todd/.rvm/rubies/ruby-2.2.1/lib/ruby/2.2.0/webrick/server.rb:294:in `block in start_thread'


  Rendered /Users/Todd/.rvm/gems/ruby-2.2.1/gems/actionpack-4.2.5.1/lib/action_dispatch/middleware/templates/rescues/_source.erb (6.1ms)
  Rendered /Users/Todd/.rvm/gems/ruby-2.2.1/gems/actionpack-4.2.5.1/lib/action_dispatch/middleware/templates/rescues/_trace.html.erb (2.6ms)
  Rendered /Users/Todd/.rvm/gems/ruby-2.2.1/gems/actionpack-4.2.5.1/lib/action_dispatch/middleware/templates/rescues/_request_and_response.html.erb (2.0ms)
  Rendered /Users/Todd/.rvm/gems/ruby-2.2.1/gems/actionpack-4.2.5.1/lib/action_dispatch/middleware/templates/rescues/diagnostics.html.erb within rescues/layout (178.0ms)
  Rendered /Users/Todd/.rvm/gems/ruby-2.2.1/gems/web-console-2.3.0/lib/web_console/templates/_markup.html.erb (0.7ms)
  Rendered /Users/Todd/.rvm/gems/ruby-2.2.1/gems/web-console-2.3.0/lib/web_console/templates/_inner_console_markup.html.erb within layouts/inlined_string (0.5ms)
  Rendered /Users/Todd/.rvm/gems/ruby-2.2.1/gems/web-console-2.3.0/lib/web_console/templates/_prompt_box_markup.html.erb within layouts/inlined_string (0.6ms)
  Rendered /Users/Todd/.rvm/gems/ruby-2.2.1/gems/web-console-2.3.0/lib/web_console/templates/style.css.erb within layouts/inlined_string (0.8ms)
  Rendered /Users/Todd/.rvm/gems/ruby-2.2.1/gems/web-console-2.3.0/lib/web_console/templates/console.js.erb within layouts/javascript (275.4ms)
  Rendered /Users/Todd/.rvm/gems/ruby-2.2.1/gems/web-console-2.3.0/lib/web_console/templates/main.js.erb within layouts/javascript (0.5ms)
  Rendered /Users/Todd/.rvm/gems/ruby-2.2.1/gems/web-console-2.3.0/lib/web_console/templates/error_page.js.erb within layouts/javascript (0.6ms)
  Rendered /Users/Todd/.rvm/gems/ruby-2.2.1/gems/web-console-2.3.0/lib/web_console/templates/index.html.erb (514.6ms)


Started GET "/" for ::1 at 2016-11-22 19:01:47 -0800
  [1m[35mActiveRecord::SchemaMigration Load (0.3ms)[0m  SELECT "schema_migrations".* FROM "schema_migrations"

ActiveRecord::PendingMigrationError (

Migrations are pending. To resolve this issue, run:

	bin/rake db:migrate RAILS_ENV=development

):
  activerecord (4.2.5.1) lib/active_record/migration.rb:392:in `check_pending!'
  activerecord (4.2.5.1) lib/active_record/migration.rb:373:in `call'
  actionpack (4.2.5.1) lib/action_dispatch/middleware/callbacks.rb:29:in `block in call'
  activesupport (4.2.5.1) lib/active_support/callbacks.rb:88:in `__run_callbacks__'
  activesupport (4.2.5.1) lib/active_support/callbacks.rb:778:in `_run_call_callbacks'
  activesupport (4.2.5.1) lib/active_support/callbacks.rb:81:in `run_callbacks'
  actionpack (4.2.5.1) lib/action_dispatch/middleware/callbacks.rb:27:in `call'
  actionpack (4.2.5.1) lib/action_dispatch/middleware/reloader.rb:73:in `call'
  actionpack (4.2.5.1) lib/action_dispatch/middleware/remote_ip.rb:78:in `call'
  actionpack (4.2.5.1) lib/action_dispatch/middleware/debug_exceptions.rb:17:in `call'
  web-console (2.3.0) lib/web_console/middleware.rb:28:in `block in call'
  web-console (2.3.0) lib/web_console/middleware.rb:18:in `catch'
  web-console (2.3.0) lib/web_console/middleware.rb:18:in `call'
  actionpack (4.2.5.1) lib/action_dispatch/middleware/show_exceptions.rb:30:in `call'
  railties (4.2.5.1) lib/rails/rack/logger.rb:38:in `call_app'
  railties (4.2.5.1) lib/rails/rack/logger.rb:20:in `block in call'
  activesupport (4.2.5.1) lib/active_support/tagged_logging.rb:68:in `block in tagged'
  activesupport (4.2.5.1) lib/active_support/tagged_logging.rb:26:in `tagged'
  activesupport (4.2.5.1) lib/active_support/tagged_logging.rb:68:in `tagged'
  railties (4.2.5.1) lib/rails/rack/logger.rb:20:in `call'
  actionpack (4.2.5.1) lib/action_dispatch/middleware/request_id.rb:21:in `call'
  rack (1.6.5) lib/rack/methodoverride.rb:22:in `call'
  rack (1.6.5) lib/rack/runtime.rb:18:in `call'
  activesupport (4.2.5.1) lib/active_support/cache/strategy/local_cache_middleware.rb:28:in `call'
  rack (1.6.5) lib/rack/lock.rb:17:in `call'
  actionpack (4.2.5.1) lib/action_dispatch/middleware/static.rb:116:in `call'
  rack (1.6.5) lib/rack/sendfile.rb:113:in `call'
  railties (4.2.5.1) lib/rails/engine.rb:518:in `call'
  railties (4.2.5.1) lib/rails/application.rb:165:in `call'
  rack (1.6.5) lib/rack/lock.rb:17:in `call'
  rack (1.6.5) lib/rack/content_length.rb:15:in `call'
  rack (1.6.5) lib/rack/handler/webrick.rb:88:in `service'
  /Users/Todd/.rvm/rubies/ruby-2.2.1/lib/ruby/2.2.0/webrick/httpserver.rb:138:in `service'
  /Users/Todd/.rvm/rubies/ruby-2.2.1/lib/ruby/2.2.0/webrick/httpserver.rb:94:in `run'
  /Users/Todd/.rvm/rubies/ruby-2.2.1/lib/ruby/2.2.0/webrick/server.rb:294:in `block in start_thread'


  Rendered /Users/Todd/.rvm/gems/ruby-2.2.1/gems/actionpack-4.2.5.1/lib/action_dispatch/middleware/templates/rescues/_source.erb (10.2ms)
  Rendered /Users/Todd/.rvm/gems/ruby-2.2.1/gems/actionpack-4.2.5.1/lib/action_dispatch/middleware/templates/rescues/_trace.html.erb (3.5ms)
  Rendered /Users/Todd/.rvm/gems/ruby-2.2.1/gems/actionpack-4.2.5.1/lib/action_dispatch/middleware/templates/rescues/_request_and_response.html.erb (1.2ms)
  Rendered /Users/Todd/.rvm/gems/ruby-2.2.1/gems/actionpack-4.2.5.1/lib/action_dispatch/middleware/templates/rescues/diagnostics.html.erb within rescues/layout (149.5ms)
  Rendered /Users/Todd/.rvm/gems/ruby-2.2.1/gems/web-console-2.3.0/lib/web_console/templates/_markup.html.erb (1.4ms)
  Rendered /Users/Todd/.rvm/gems/ruby-2.2.1/gems/web-console-2.3.0/lib/web_console/templates/_inner_console_markup.html.erb within layouts/inlined_string (0.5ms)
  Rendered /Users/Todd/.rvm/gems/ruby-2.2.1/gems/web-console-2.3.0/lib/web_console/templates/_prompt_box_markup.html.erb within layouts/inlined_string (1.5ms)
  Rendered /Users/Todd/.rvm/gems/ruby-2.2.1/gems/web-console-2.3.0/lib/web_console/templates/style.css.erb within layouts/inlined_string (0.4ms)
  Rendered /Users/Todd/.rvm/gems/ruby-2.2.1/gems/web-console-2.3.0/lib/web_console/templates/console.js.erb within layouts/javascript (121.0ms)
  Rendered /Users/Todd/.rvm/gems/ruby-2.2.1/gems/web-console-2.3.0/lib/web_console/templates/main.js.erb within layouts/javascript (0.6ms)
  Rendered /Users/Todd/.rvm/gems/ruby-2.2.1/gems/web-console-2.3.0/lib/web_console/templates/error_page.js.erb within layouts/javascript (1.0ms)
  Rendered /Users/Todd/.rvm/gems/ruby-2.2.1/gems/web-console-2.3.0/lib/web_console/templates/index.html.erb (281.1ms)
  [1m[36mActiveRecord::SchemaMigration Load (0.2ms)[0m  [1mSELECT "schema_migrations".* FROM "schema_migrations"[0m
Migrating to CreateUsers (20161123025434)
  [1m[35m (0.1ms)[0m  begin transaction
  [1m[36m (9.4ms)[0m  [1mCREATE TABLE "users" ("id" INTEGER PRIMARY KEY AUTOINCREMENT NOT NULL, "email" varchar, "name" varchar, "password" varchar, "age" integer, "created_at" datetime NOT NULL, "updated_at" datetime NOT NULL) [0m
  [1m[35mSQL (8.7ms)[0m  INSERT INTO "schema_migrations" ("version") VALUES (?)  [["version", "20161123025434"]]
  [1m[36m (4.1ms)[0m  [1mcommit transaction[0m
  [1m[35mActiveRecord::SchemaMigration Load (0.3ms)[0m  SELECT "schema_migrations".* FROM "schema_migrations"


Started GET "/" for ::1 at 2016-11-22 19:03:38 -0800
  [1m[36mActiveRecord::SchemaMigration Load (0.2ms)[0m  [1mSELECT "schema_migrations".* FROM "schema_migrations"[0m
Processing by UsersController#index as HTML
  Rendered users/index.html.erb within layouts/application (1.9ms)
Completed 200 OK in 4682ms (Views: 4567.8ms | ActiveRecord: 0.0ms)


Started GET "/assets/users.self-e3b0c44298fc1c149afbf4c8996fb92427ae41e4649b934ca495991b7852b855.css?body=1" for ::1 at 2016-11-22 19:03:44 -0800


Started GET "/assets/jquery.self-bd7ddd393353a8d2480a622e80342adf488fb6006d667e8b42e4c0073393abee.js?body=1" for ::1 at 2016-11-22 19:03:45 -0800


Started GET "/assets/users.self-877aef30ae1b040ab8a3aba4e3e309a11d7f2612f44dde450b5c157aa5f95c05.js?body=1" for ::1 at 2016-11-22 19:03:45 -0800


Started GET "/assets/jquery_ujs.self-784a997f6726036b1993eb2217c9cb558e1cbb801c6da88105588c56f13b466a.js?body=1" for ::1 at 2016-11-22 19:03:45 -0800


Started GET "/assets/application.self-e80e8f2318043e8af94dddc2adad5a4f09739a8ebb323b3ab31cd71d45fd9113.css?body=1" for ::1 at 2016-11-22 19:03:45 -0800


Started GET "/assets/turbolinks.self-c5acd7a204f5f25ce7a1d8a0e4d92e28d34c9e2df2c7371cd7af88e147e4ad82.js?body=1" for ::1 at 2016-11-22 19:03:45 -0800


Started GET "/assets/application.self-3b8dabdc891efe46b9a144b400ad69e37d7e5876bdc39dee783419a69d7ca819.js?body=1" for ::1 at 2016-11-22 19:03:45 -0800


Started GET "/users/new" for ::1 at 2016-11-22 19:03:48 -0800
Processing by UsersController#new as HTML
  Rendered users/new.html.erb within layouts/application (0.6ms)
Completed 200 OK in 154ms (Views: 150.8ms | ActiveRecord: 0.0ms)


Started POST "/users" for ::1 at 2016-11-22 19:04:07 -0800
Processing by UsersController#create as HTML
  Parameters: {"authenticity_token"=>"HVNVScbx3oahubS+LK8Vl22f34Sj8ZiAYWRliTjClaa9aU5FlBSJucPjjGZUsh5toLqNiRd/Z/DVYy2jEzXgoA==", "name"=>"Todd", "email"=>"todd@todd.com", "password"=>"[FILTERED]"}
  Rendered users/create.html.erb within layouts/application (0.9ms)
Completed 200 OK in 293ms (Views: 289.6ms | ActiveRecord: 0.0ms)


Started POST "/users" for ::1 at 2016-11-22 19:05:01 -0800
Processing by UsersController#create as HTML
  Parameters: {"authenticity_token"=>"4yogCk3bqwkbuKJVe0Esg58XLWMUoxRKfql7zUb2Dh5DEDsGHz78Nnnimo0DXCd5UjJ/bqAt6zrKrjPnbQF7GA==", "name"=>"Todd", "email"=>"todd@todd.com", "password"=>"[FILTERED]"}
  Rendered users/create.html.erb within layouts/application (0.9ms)
Completed 200 OK in 210ms (Views: 185.6ms | ActiveRecord: 0.0ms)


Started GET "/" for ::1 at 2016-11-23 14:17:06 -0800
  [1m[36mActiveRecord::SchemaMigration Load (0.4ms)[0m  [1mSELECT "schema_migrations".* FROM "schema_migrations"[0m
Processing by UsersController#index as HTML
  Rendered users/index.html.erb within layouts/application (2.1ms)
Completed 200 OK in 565ms (Views: 548.4ms | ActiveRecord: 0.0ms)


Started GET "/assets/application.self-e80e8f2318043e8af94dddc2adad5a4f09739a8ebb323b3ab31cd71d45fd9113.css?body=1" for ::1 at 2016-11-23 14:17:07 -0800


Started GET "/assets/users.self-877aef30ae1b040ab8a3aba4e3e309a11d7f2612f44dde450b5c157aa5f95c05.js?body=1" for ::1 at 2016-11-23 14:17:07 -0800


Started GET "/assets/application.self-3b8dabdc891efe46b9a144b400ad69e37d7e5876bdc39dee783419a69d7ca819.js?body=1" for ::1 at 2016-11-23 14:17:07 -0800


Started GET "/assets/users.self-e3b0c44298fc1c149afbf4c8996fb92427ae41e4649b934ca495991b7852b855.css?body=1" for ::1 at 2016-11-23 14:17:07 -0800


Started GET "/users/new" for ::1 at 2016-11-23 14:17:09 -0800
Processing by UsersController#new as HTML
  Rendered users/new.html.erb within layouts/application (0.9ms)
Completed 200 OK in 61ms (Views: 58.6ms | ActiveRecord: 0.0ms)


Started POST "/users" for ::1 at 2016-11-23 14:17:29 -0800
Processing by UsersController#create as HTML
  Parameters: {"authenticity_token"=>"pmjOFMypHvgCz+EP7pdfJhSqojEhDn+uV/iEFTyTrSYGUtUYnkxJx2CV2deWilTc2Y/wPJWAgN7j/8w/F2TYIA==", "name"=>"Kris", "email"=>"kris@kris.com", "password"=>"[FILTERED]"}
  [1m[35mUser Exists (16.0ms)[0m  SELECT  1 AS one FROM "users" WHERE LOWER("users"."email") = LOWER('kris@kris.com') LIMIT 1
Redirected to http://localhost:3000/
Completed 302 Found in 186ms (ActiveRecord: 16.8ms)


Started GET "/" for ::1 at 2016-11-23 14:17:29 -0800
Processing by UsersController#index as HTML
  Rendered users/index.html.erb within layouts/application (0.1ms)
Completed 200 OK in 95ms (Views: 92.7ms | ActiveRecord: 0.0ms)
  [1m[36mUser Load (23.7ms)[0m  [1mSELECT "users".* FROM "users"[0m
  [1m[35mUser Exists (0.2ms)[0m  SELECT  1 AS one FROM "users" WHERE LOWER("users"."email") = LOWER('kris@kris.com') LIMIT 1
  [1m[36mUser Exists (0.2ms)[0m  [1mSELECT  1 AS one FROM "users" WHERE LOWER("users"."email") = LOWER('kris@kris.com') LIMIT 1[0m
  [1m[35m (0.1ms)[0m  begin transaction
  [1m[36mUser Exists (0.3ms)[0m  [1mSELECT  1 AS one FROM "users" WHERE LOWER("users"."email") = LOWER('kris@kris.com') LIMIT 1[0m
  [1m[35mSQL (45.7ms)[0m  INSERT INTO "users" ("name", "email", "password", "age", "created_at", "updated_at") VALUES (?, ?, ?, ?, ?, ?)  [["name", "kris"], ["email", "kris@kris.com"], ["password", "password"], ["age", 25], ["created_at", "2016-11-23 22:22:21.866653"], ["updated_at", "2016-11-23 22:22:21.866653"]]
  [1m[36m (159.4ms)[0m  [1mcommit transaction[0m
  [1m[35mUser Load (0.2ms)[0m  SELECT "users".* FROM "users"


Started GET "/" for ::1 at 2016-11-23 14:25:19 -0800
  [1m[36mActiveRecord::SchemaMigration Load (0.6ms)[0m  [1mSELECT "schema_migrations".* FROM "schema_migrations"[0m
Processing by UsersController#index as HTML
  Rendered users/index.html.erb within layouts/application (19.1ms)
Completed 200 OK in 605ms (Views: 575.9ms | ActiveRecord: 0.0ms)


Started GET "/users/new" for ::1 at 2016-11-23 14:25:22 -0800
Processing by UsersController#new as HTML
  Rendered users/new.html.erb within layouts/application (0.8ms)
Completed 200 OK in 129ms (Views: 119.7ms | ActiveRecord: 0.0ms)


Started POST "/users" for ::1 at 2016-11-23 14:25:35 -0800
Processing by UsersController#create as HTML
  Parameters: {"authenticity_token"=>"WEqicZr/SdsZyGjqrY0wzKHtUD7gAqsCdjyBQMHKi174cLl9yBoe5HuSUDLVkDs2bMgCM1SMVHLCO8lq6j3+WA==", "name"=>"Todd", "email"=>"todd@todd.com", "age"=>"32", "password"=>"[FILTERED]"}
  [1m[35mUser Exists (11.8ms)[0m  SELECT  1 AS one FROM "users" WHERE LOWER("users"."email") = LOWER('todd@todd.com') LIMIT 1
Redirected to http://localhost:3000/
Completed 302 Found in 159ms (ActiveRecord: 12.6ms)


Started GET "/" for ::1 at 2016-11-23 14:25:35 -0800
Processing by UsersController#index as HTML
  Rendered users/index.html.erb within layouts/application (0.1ms)
Completed 200 OK in 54ms (Views: 44.2ms | ActiveRecord: 0.0ms)
  [1m[36mUser Load (20.7ms)[0m  [1mSELECT "users".* FROM "users"[0m


Started GET "/" for ::1 at 2016-11-23 14:29:35 -0800
Processing by UsersController#index as HTML
  Rendered users/index.html.erb within layouts/application (0.1ms)
Completed 200 OK in 284ms (Views: 282.2ms | ActiveRecord: 0.0ms)


Started GET "/users/new" for ::1 at 2016-11-23 14:29:36 -0800
Processing by UsersController#new as HTML
  Rendered users/new.html.erb within layouts/application (0.2ms)
Completed 200 OK in 66ms (Views: 60.9ms | ActiveRecord: 0.0ms)


Started POST "/users" for ::1 at 2016-11-23 14:29:45 -0800
Processing by UsersController#create as HTML
  Parameters: {"authenticity_token"=>"Ds8Iac19ieMqjuzyDSC4rqZ/9aOUZibPpmlT/q5kEPGu9RNln5je3EjU1Cp1PbNUa1qnriDo2b8SbhvUhZNl9w==", "name"=>"Todd", "email"=>"todd@todd.com", "age"=>"32", "password"=>"[FILTERED]"}
  [1m[36mUser Exists (21.6ms)[0m  [1mSELECT  1 AS one FROM "users" WHERE LOWER("users"."email") = LOWER('todd@todd.com') LIMIT 1[0m
  [1m[35m (0.1ms)[0m  begin transaction
  [1m[36mCACHE (0.0ms)[0m  [1mSELECT  1 AS one FROM "users" WHERE LOWER("users"."email") = LOWER('todd@todd.com') LIMIT 1[0m
  [1m[35mSQL (0.8ms)[0m  INSERT INTO "users" ("name", "email", "password", "age", "created_at", "updated_at") VALUES (?, ?, ?, ?, ?, ?)  [["name", "Todd"], ["email", "todd@todd.com"], ["password", "password"], ["age", 32], ["created_at", "2016-11-23 22:29:45.388146"], ["updated_at", "2016-11-23 22:29:45.388146"]]
  [1m[36m (57.0ms)[0m  [1mcommit transaction[0m
Redirected to http://localhost:3000/
Completed 302 Found in 120ms (ActiveRecord: 80.7ms)


Started GET "/" for ::1 at 2016-11-23 14:29:45 -0800
Processing by UsersController#index as HTML
  Rendered users/index.html.erb within layouts/application (0.1ms)
Completed 200 OK in 92ms (Views: 90.8ms | ActiveRecord: 0.0ms)
  [1m[35mUser Load (10.2ms)[0m  SELECT "users".* FROM "users"


Started GET "/users/new" for ::1 at 2016-11-23 14:34:40 -0800
Processing by UsersController#new as HTML
  Rendered users/new.html.erb within layouts/application (0.2ms)
Completed 200 OK in 429ms (Views: 428.0ms | ActiveRecord: 0.0ms)


Started POST "/users" for ::1 at 2016-11-23 14:34:43 -0800
Processing by UsersController#create as HTML
  Parameters: {"authenticity_token"=>"ItqPy/kfzIsyDVA9aEgAPS3LMXq9ccgQvKGcYBtcA3iC4JTHq/qbtFBXaOUQVQvH4O5jdwn/N2AIptRKMKt2fg==", "name"=>"", "email"=>"", "age"=>"", "password"=>"[FILTERED]"}
  [1m[35mUser Exists (0.2ms)[0m  SELECT  1 AS one FROM "users" WHERE LOWER("users"."email") = LOWER('') LIMIT 1
Redirected to http://localhost:3000/users/new
Completed 302 Found in 67ms (ActiveRecord: 1.8ms)


Started GET "/users/new" for ::1 at 2016-11-23 14:34:44 -0800
Processing by UsersController#new as HTML
  Rendered users/new.html.erb within layouts/application (0.6ms)
Completed 200 OK in 48ms (Views: 46.1ms | ActiveRecord: 0.0ms)


Started POST "/users" for ::1 at 2016-11-23 14:34:45 -0800
Processing by UsersController#create as HTML
  Parameters: {"authenticity_token"=>"wAHvnzYbaf/EU/WxXfqCS6mw7/YOaX/g1x7F+WohshZgO/STZP4+wKYJzWkl54mxZJW9+7rngJBjGY3TQdbHEA==", "name"=>"", "email"=>"", "age"=>"", "password"=>"[FILTERED]"}
  [1m[36mUser Exists (0.3ms)[0m  [1mSELECT  1 AS one FROM "users" WHERE LOWER("users"."email") = LOWER('') LIMIT 1[0m
Redirected to http://localhost:3000/users/new
Completed 302 Found in 34ms (ActiveRecord: 0.3ms)


Started GET "/users/new" for ::1 at 2016-11-23 14:34:45 -0800
Processing by UsersController#new as HTML
  Rendered users/new.html.erb within layouts/application (0.3ms)
Completed 200 OK in 38ms (Views: 36.0ms | ActiveRecord: 0.0ms)


Started POST "/users" for ::1 at 2016-11-23 14:34:45 -0800
Processing by UsersController#create as HTML
  Parameters: {"authenticity_token"=>"DnrWoVORMPju7QgXnTGReMsbA6t5QVHXcaW/5WVjHOOuQM2tAXRnx4y3MM/lLJqCBj5Rps3PrqfFovfPTpRp5Q==", "name"=>"", "email"=>"", "age"=>"", "password"=>"[FILTERED]"}
  [1m[35mUser Exists (0.3ms)[0m  SELECT  1 AS one FROM "users" WHERE LOWER("users"."email") = LOWER('') LIMIT 1
Redirected to http://localhost:3000/users/new
Completed 302 Found in 16ms (ActiveRecord: 0.3ms)


Started GET "/users/new" for ::1 at 2016-11-23 14:34:45 -0800
Processing by UsersController#new as HTML
  Rendered users/new.html.erb within layouts/application (0.2ms)
Completed 200 OK in 53ms (Views: 50.7ms | ActiveRecord: 0.0ms)


Started POST "/users" for ::1 at 2016-11-23 14:34:46 -0800
Processing by UsersController#create as HTML
  Parameters: {"authenticity_token"=>"HQAif6+yJmk+G65t1MDhSm4vrebJfW6/cw9R/1IADKC9Ojlz/VdxVlxBlrWs3eqwowr/633zkc/HCBnVefd5pg==", "name"=>"", "email"=>"", "age"=>"", "password"=>"[FILTERED]"}
  [1m[36mUser Exists (0.3ms)[0m  [1mSELECT  1 AS one FROM "users" WHERE LOWER("users"."email") = LOWER('') LIMIT 1[0m
Redirected to http://localhost:3000/users/new
Completed 302 Found in 17ms (ActiveRecord: 0.3ms)


Started GET "/users/new" for ::1 at 2016-11-23 14:34:46 -0800
Processing by UsersController#new as HTML
  Rendered users/new.html.erb within layouts/application (0.4ms)
Completed 200 OK in 49ms (Views: 46.6ms | ActiveRecord: 0.0ms)


Started POST "/users" for ::1 at 2016-11-23 14:34:47 -0800
Processing by UsersController#create as HTML
  Parameters: {"authenticity_token"=>"6JOhZBv/8cnocJYs6RqezGQsgiLhSlGzCfaWOgX0zCdIqbpoSRqm9ooqrvSRB5U2qQnQL1XErsO98d4QLgO5IQ==", "name"=>"", "email"=>"", "age"=>"", "password"=>"[FILTERED]"}
  [1m[35mUser Exists (0.3ms)[0m  SELECT  1 AS one FROM "users" WHERE LOWER("users"."email") = LOWER('') LIMIT 1
Redirected to http://localhost:3000/users/new
Completed 302 Found in 17ms (ActiveRecord: 0.3ms)


Started GET "/users/new" for ::1 at 2016-11-23 14:34:47 -0800
Processing by UsersController#new as HTML
  Rendered users/new.html.erb within layouts/application (0.1ms)
Completed 200 OK in 43ms (Views: 40.7ms | ActiveRecord: 0.0ms)


Started POST "/users" for ::1 at 2016-11-23 14:34:47 -0800
Processing by UsersController#create as HTML
  Parameters: {"authenticity_token"=>"ynS+Qpix5EbrMWKBLrEy65hlP4IfhS+xNR9Wtph6POpqTqVOylSzeYlrWllWrDkRVUBtj6sL0MGBGB6cs41J7A==", "name"=>"", "email"=>"", "age"=>"", "password"=>"[FILTERED]"}
  [1m[36mUser Exists (0.3ms)[0m  [1mSELECT  1 AS one FROM "users" WHERE LOWER("users"."email") = LOWER('') LIMIT 1[0m
Redirected to http://localhost:3000/users/new
Completed 302 Found in 23ms (ActiveRecord: 0.3ms)


Started GET "/users/new" for ::1 at 2016-11-23 14:34:47 -0800
Processing by UsersController#new as HTML
  Rendered users/new.html.erb within layouts/application (0.2ms)
Completed 200 OK in 50ms (Views: 46.9ms | ActiveRecord: 0.0ms)


Started POST "/users" for ::1 at 2016-11-23 14:34:48 -0800
Processing by UsersController#create as HTML
  Parameters: {"authenticity_token"=>"TeQkjFGuUafNHZbph4t9O7yMEcILBLoFDCGaEIJAUbnt3j+AA0sGmK9HrjH/lnbBcalDz7+KRXW4JtI6qbckvw==", "name"=>"", "email"=>"", "age"=>"", "password"=>"[FILTERED]"}
  [1m[35mUser Exists (0.2ms)[0m  SELECT  1 AS one FROM "users" WHERE LOWER("users"."email") = LOWER('') LIMIT 1
Redirected to http://localhost:3000/users/new
Completed 302 Found in 21ms (ActiveRecord: 0.2ms)


Started GET "/users/new" for ::1 at 2016-11-23 14:34:48 -0800
Processing by UsersController#new as HTML
  Rendered users/new.html.erb within layouts/application (0.1ms)
Completed 200 OK in 51ms (Views: 40.6ms | ActiveRecord: 0.0ms)


Started POST "/users" for ::1 at 2016-11-23 14:35:11 -0800
Processing by UsersController#create as HTML
  Parameters: {"authenticity_token"=>"IGtCqKRPzDi9vr2RYpcIXS3V/nR8Z2MmX7vtfxnq4ZiAUVmk9qqbB9/khUkaigOn4PCsecjpnFbrvKVVMh2Ung==", "name"=>"Joy", "email"=>"joy@joy.com", "age"=>"21", "password"=>"[FILTERED]"}
  [1m[36mUser Exists (0.3ms)[0m  [1mSELECT  1 AS one FROM "users" WHERE LOWER("users"."email") = LOWER('joy@joy.com') LIMIT 1[0m
  [1m[35m (0.1ms)[0m  begin transaction
  [1m[36mCACHE (0.0ms)[0m  [1mSELECT  1 AS one FROM "users" WHERE LOWER("users"."email") = LOWER('joy@joy.com') LIMIT 1[0m
  [1m[35mSQL (0.6ms)[0m  INSERT INTO "users" ("name", "email", "password", "age", "created_at", "updated_at") VALUES (?, ?, ?, ?, ?, ?)  [["name", "Joy"], ["email", "joy@joy.com"], ["password", "password"], ["age", 21], ["created_at", "2016-11-23 22:35:11.873123"], ["updated_at", "2016-11-23 22:35:11.873123"]]
  [1m[36m (1.8ms)[0m  [1mcommit transaction[0m
Redirected to http://localhost:3000/
Redirected to 
Completed 500 Internal Server Error in 14ms (ActiveRecord: 2.7ms)

AbstractController::DoubleRenderError (Render and/or redirect were called multiple times in this action. Please note that you may only call render OR redirect, and at most once per action. Also note that neither redirect nor render terminate execution of the action, so if you want to exit an action after redirecting, you need to do something like "redirect_to(...) and return".):
  app/controllers/users_controller.rb:14:in `create'


  Rendered /Users/Todd/.rvm/gems/ruby-2.2.1/gems/actionpack-4.2.5.1/lib/action_dispatch/middleware/templates/rescues/_source.erb (9.1ms)
  Rendered /Users/Todd/.rvm/gems/ruby-2.2.1/gems/actionpack-4.2.5.1/lib/action_dispatch/middleware/templates/rescues/_trace.html.erb (6.8ms)
  Rendered /Users/Todd/.rvm/gems/ruby-2.2.1/gems/actionpack-4.2.5.1/lib/action_dispatch/middleware/templates/rescues/_request_and_response.html.erb (1.3ms)
  Rendered /Users/Todd/.rvm/gems/ruby-2.2.1/gems/actionpack-4.2.5.1/lib/action_dispatch/middleware/templates/rescues/diagnostics.html.erb within rescues/layout (99.2ms)
  Rendered /Users/Todd/.rvm/gems/ruby-2.2.1/gems/web-console-2.3.0/lib/web_console/templates/_markup.html.erb (0.6ms)
  Rendered /Users/Todd/.rvm/gems/ruby-2.2.1/gems/web-console-2.3.0/lib/web_console/templates/_inner_console_markup.html.erb within layouts/inlined_string (0.7ms)
  Rendered /Users/Todd/.rvm/gems/ruby-2.2.1/gems/web-console-2.3.0/lib/web_console/templates/_prompt_box_markup.html.erb within layouts/inlined_string (0.4ms)
  Rendered /Users/Todd/.rvm/gems/ruby-2.2.1/gems/web-console-2.3.0/lib/web_console/templates/style.css.erb within layouts/inlined_string (0.5ms)
  Rendered /Users/Todd/.rvm/gems/ruby-2.2.1/gems/web-console-2.3.0/lib/web_console/templates/console.js.erb within layouts/javascript (84.7ms)
  Rendered /Users/Todd/.rvm/gems/ruby-2.2.1/gems/web-console-2.3.0/lib/web_console/templates/main.js.erb within layouts/javascript (0.6ms)
  Rendered /Users/Todd/.rvm/gems/ruby-2.2.1/gems/web-console-2.3.0/lib/web_console/templates/error_page.js.erb within layouts/javascript (1.1ms)
  Rendered /Users/Todd/.rvm/gems/ruby-2.2.1/gems/web-console-2.3.0/lib/web_console/templates/index.html.erb (184.9ms)


Started POST "/users" for ::1 at 2016-11-23 14:35:48 -0800
Processing by UsersController#create as HTML
  Parameters: {"authenticity_token"=>"IGtCqKRPzDi9vr2RYpcIXS3V/nR8Z2MmX7vtfxnq4ZiAUVmk9qqbB9/khUkaigOn4PCsecjpnFbrvKVVMh2Ung==", "name"=>"Joy", "email"=>"joy@joy.com", "age"=>"21", "password"=>"[FILTERED]"}
  [1m[35mUser Exists (0.2ms)[0m  SELECT  1 AS one FROM "users" WHERE LOWER("users"."email") = LOWER('joy@joy.com') LIMIT 1
Redirected to http://localhost:3000/users/new
Completed 302 Found in 34ms (ActiveRecord: 0.9ms)


Started GET "/users/new" for ::1 at 2016-11-23 14:35:48 -0800
Processing by UsersController#new as HTML
  Rendered users/new.html.erb within layouts/application (0.2ms)
Completed 200 OK in 200ms (Views: 198.0ms | ActiveRecord: 0.0ms)


Started POST "/users" for ::1 at 2016-11-23 14:36:05 -0800
Processing by UsersController#create as HTML
  Parameters: {"authenticity_token"=>"KocTxXQJcDkd6CNLwqy085a3WYxTOkf5kZA091kRBQKKvQjJJuwnBn+yG5O6sb8JW5ILgee0uIkll3zdcuZwBA==", "name"=>"Joy", "email"=>"joy@joy.com", "age"=>"21", "password"=>"[FILTERED]"}
  [1m[36mUser Exists (0.3ms)[0m  [1mSELECT  1 AS one FROM "users" WHERE LOWER("users"."email") = LOWER('joy@joy.com') LIMIT 1[0m
Redirected to http://localhost:3000/users/new
Completed 302 Found in 11ms (ActiveRecord: 0.3ms)


Started GET "/users/new" for ::1 at 2016-11-23 14:36:05 -0800
Processing by UsersController#new as HTML
  Rendered users/new.html.erb within layouts/application (0.2ms)
Completed 200 OK in 48ms (Views: 46.9ms | ActiveRecord: 0.0ms)
  [1m[36mUser Load (0.2ms)[0m  [1mSELECT "users".* FROM "users"[0m
  [1m[35mUser Exists (0.2ms)[0m  SELECT  1 AS one FROM "users" WHERE LOWER("users"."email") = LOWER('joy@joy.com') LIMIT 1
  [1m[36mUser Exists (0.2ms)[0m  [1mSELECT  1 AS one FROM "users" WHERE LOWER("users"."email") = LOWER('joy@joy.com') LIMIT 1[0m


Started POST "/users" for ::1 at 2016-11-23 14:46:54 -0800
Processing by UsersController#create as HTML
  Parameters: {"authenticity_token"=>"ZOBFM7XqCA1NSiFxLWZBmuQOyJARlFBW3Rwy4dbl3d/E2l4/5w9fMi8QGalVe0pgKSuanaUaryZpG3rL/RKo2Q==", "name"=>"", "email"=>"", "age"=>"", "password"=>"[FILTERED]"}
  [1m[35mUser Exists (0.3ms)[0m  SELECT  1 AS one FROM "users" WHERE LOWER("users"."email") = LOWER('') LIMIT 1
Redirected to http://localhost:3000/users/new
Completed 302 Found in 87ms (ActiveRecord: 0.8ms)


Started GET "/users/new" for ::1 at 2016-11-23 14:46:54 -0800
Processing by UsersController#new as HTML
  Rendered users/new.html.erb within layouts/application (0.8ms)
Completed 200 OK in 380ms (Views: 368.2ms | ActiveRecord: 0.0ms)


Started POST "/users" for ::1 at 2016-11-23 14:47:06 -0800
Processing by UsersController#create as HTML
  Parameters: {"authenticity_token"=>"4lf+xVB9Okj+DnAyQQIVPhYMS17nTyN/5M8UpGA01O9CbeXJAphtd5xUSOo5Hx7E2ykZU1PB3A9QyFyOS8Oh6Q==", "name"=>"", "email"=>"", "age"=>"", "password"=>"[FILTERED]"}
  [1m[36mUser Exists (0.2ms)[0m  [1mSELECT  1 AS one FROM "users" WHERE LOWER("users"."email") = LOWER('') LIMIT 1[0m
Redirected to http://localhost:3000/users/new
Completed 302 Found in 19ms (ActiveRecord: 0.2ms)


Started GET "/users/new" for ::1 at 2016-11-23 14:47:06 -0800
Processing by UsersController#new as HTML
  Rendered users/new.html.erb within layouts/application (0.4ms)
Completed 200 OK in 57ms (Views: 55.0ms | ActiveRecord: 0.0ms)


Started POST "/users" for ::1 at 2016-11-23 14:47:08 -0800
Processing by UsersController#create as HTML
  Parameters: {"authenticity_token"=>"ba6A0sNF9tMQXnTVFQUdeqbXG3eWQcR4KGKu0O2yV7PNlJvekaCh7HIETA1tGBaAa/JJeiLPOwicZeb6xkUitQ==", "name"=>"", "email"=>"", "age"=>"", "password"=>"[FILTERED]"}
  [1m[35mUser Exists (0.2ms)[0m  SELECT  1 AS one FROM "users" WHERE LOWER("users"."email") = LOWER('') LIMIT 1
Redirected to http://localhost:3000/users/new
Completed 302 Found in 21ms (ActiveRecord: 0.2ms)


Started GET "/users/new" for ::1 at 2016-11-23 14:47:08 -0800
Processing by UsersController#new as HTML
  Rendered users/new.html.erb within layouts/application (0.3ms)
Completed 200 OK in 39ms (Views: 37.9ms | ActiveRecord: 0.0ms)


Started POST "/users" for ::1 at 2016-11-23 14:47:09 -0800
Processing by UsersController#create as HTML
  Parameters: {"authenticity_token"=>"F+y3m3yVPqypEKOIP7gT6ff8ze8rt787ofmtG0sZf0y31qyXLnBpk8tKm1BHpRgTOtmf4p85QEsV/uUxYO4KSg==", "name"=>"", "email"=>"", "age"=>"", "password"=>"[FILTERED]"}
  [1m[36mUser Exists (0.3ms)[0m  [1mSELECT  1 AS one FROM "users" WHERE LOWER("users"."email") = LOWER('') LIMIT 1[0m
Redirected to http://localhost:3000/users/new
Completed 302 Found in 19ms (ActiveRecord: 0.3ms)


Started GET "/users/new" for ::1 at 2016-11-23 14:47:09 -0800
Processing by UsersController#new as HTML
  Rendered users/new.html.erb within layouts/application (0.2ms)
Completed 200 OK in 62ms (Views: 60.3ms | ActiveRecord: 0.0ms)


Started GET "/users/new" for ::1 at 2016-11-23 14:47:45 -0800
Processing by UsersController#new as HTML
  Rendered users/new.html.erb within layouts/application (3.9ms)
Completed 500 Internal Server Error in 23ms (ActiveRecord: 0.0ms)

ActionView::Template::Error (undefined method `each' for nil:NilClass):
    1: <h1>New User</h1>
    2: <% flash[:errors].each do |error| %>
    3:   <p><%= error %></p>
    4: <% end %>
    5: <form action="/users" method="post">
  app/views/users/new.html.erb:2:in `_app_views_users_new_html_erb__3257935033610690698_70239261973560'


  Rendered /Users/Todd/.rvm/gems/ruby-2.2.1/gems/actionpack-4.2.5.1/lib/action_dispatch/middleware/templates/rescues/_source.erb (15.5ms)
  Rendered /Users/Todd/.rvm/gems/ruby-2.2.1/gems/actionpack-4.2.5.1/lib/action_dispatch/middleware/templates/rescues/_trace.html.erb (4.0ms)
  Rendered /Users/Todd/.rvm/gems/ruby-2.2.1/gems/actionpack-4.2.5.1/lib/action_dispatch/middleware/templates/rescues/_request_and_response.html.erb (1.2ms)
  Rendered /Users/Todd/.rvm/gems/ruby-2.2.1/gems/actionpack-4.2.5.1/lib/action_dispatch/middleware/templates/rescues/template_error.html.erb within rescues/layout (122.1ms)
  Rendered /Users/Todd/.rvm/gems/ruby-2.2.1/gems/web-console-2.3.0/lib/web_console/templates/_markup.html.erb (0.6ms)
  Rendered /Users/Todd/.rvm/gems/ruby-2.2.1/gems/web-console-2.3.0/lib/web_console/templates/_inner_console_markup.html.erb within layouts/inlined_string (0.8ms)
  Rendered /Users/Todd/.rvm/gems/ruby-2.2.1/gems/web-console-2.3.0/lib/web_console/templates/_prompt_box_markup.html.erb within layouts/inlined_string (0.4ms)
  Rendered /Users/Todd/.rvm/gems/ruby-2.2.1/gems/web-console-2.3.0/lib/web_console/templates/style.css.erb within layouts/inlined_string (0.5ms)
  Rendered /Users/Todd/.rvm/gems/ruby-2.2.1/gems/web-console-2.3.0/lib/web_console/templates/console.js.erb within layouts/javascript (125.6ms)
  Rendered /Users/Todd/.rvm/gems/ruby-2.2.1/gems/web-console-2.3.0/lib/web_console/templates/main.js.erb within layouts/javascript (0.4ms)
  Rendered /Users/Todd/.rvm/gems/ruby-2.2.1/gems/web-console-2.3.0/lib/web_console/templates/error_page.js.erb within layouts/javascript (0.5ms)
  Rendered /Users/Todd/.rvm/gems/ruby-2.2.1/gems/web-console-2.3.0/lib/web_console/templates/index.html.erb (270.9ms)


Started GET "/users/new" for ::1 at 2016-11-23 14:49:21 -0800
Processing by UsersController#new as HTML
  Rendered users/new.html.erb within layouts/application (0.8ms)
Completed 200 OK in 299ms (Views: 297.2ms | ActiveRecord: 0.0ms)


Started POST "/users" for ::1 at 2016-11-23 14:49:24 -0800
Processing by UsersController#create as HTML
  Parameters: {"authenticity_token"=>"Xb/3wqpHtgMLIV5ax7DmbLHQNaaBe7PCHt9gVmEOH6f9hezO+KLhPGl7ZoK/re2WfPVnqzX1TLKq2Ch8SvlqoQ==", "name"=>"", "email"=>"", "age"=>"", "password"=>"[FILTERED]"}
  [1m[35mUser Exists (0.2ms)[0m  SELECT  1 AS one FROM "users" WHERE LOWER("users"."email") = LOWER('') LIMIT 1
Redirected to http://localhost:3000/users/new
Completed 302 Found in 26ms (ActiveRecord: 1.1ms)


Started GET "/users/new" for ::1 at 2016-11-23 14:49:24 -0800
Processing by UsersController#new as HTML
  Rendered users/new.html.erb within layouts/application (0.2ms)
Completed 200 OK in 31ms (Views: 29.2ms | ActiveRecord: 0.0ms)


Started GET "/users/new" for ::1 at 2016-11-23 14:49:30 -0800
Processing by UsersController#new as HTML
  Rendered users/new.html.erb within layouts/application (0.2ms)
Completed 200 OK in 57ms (Views: 52.2ms | ActiveRecord: 0.0ms)


Started GET "/" for ::1 at 2016-11-23 14:53:47 -0800
Processing by UsersController#index as HTML
  Rendered users/index.html.erb within layouts/application (4.8ms)
Completed 500 Internal Server Error in 58ms (ActiveRecord: 0.0ms)

ActionView::Template::Error (undefined method `each' for nil:NilClass):
    3:   <th>Name</th>
    4:   <th>Email</th>
    5:   <th>Age</th>
    6:   <% @users.each do |user| %>
    7:     <tr>
    8:       <td><%= user.name %></td>
    9:       <td><%= user.email %></td>
  app/views/users/index.html.erb:6:in `_app_views_users_index_html_erb__3470918298003964644_70239214938940'


  Rendered /Users/Todd/.rvm/gems/ruby-2.2.1/gems/actionpack-4.2.5.1/lib/action_dispatch/middleware/templates/rescues/_source.erb (14.1ms)
  Rendered /Users/Todd/.rvm/gems/ruby-2.2.1/gems/actionpack-4.2.5.1/lib/action_dispatch/middleware/templates/rescues/_trace.html.erb (5.9ms)
  Rendered /Users/Todd/.rvm/gems/ruby-2.2.1/gems/actionpack-4.2.5.1/lib/action_dispatch/middleware/templates/rescues/_request_and_response.html.erb (1.2ms)
  Rendered /Users/Todd/.rvm/gems/ruby-2.2.1/gems/actionpack-4.2.5.1/lib/action_dispatch/middleware/templates/rescues/template_error.html.erb within rescues/layout (110.7ms)
  Rendered /Users/Todd/.rvm/gems/ruby-2.2.1/gems/web-console-2.3.0/lib/web_console/templates/_markup.html.erb (0.8ms)
  Rendered /Users/Todd/.rvm/gems/ruby-2.2.1/gems/web-console-2.3.0/lib/web_console/templates/_inner_console_markup.html.erb within layouts/inlined_string (0.5ms)
  Rendered /Users/Todd/.rvm/gems/ruby-2.2.1/gems/web-console-2.3.0/lib/web_console/templates/_prompt_box_markup.html.erb within layouts/inlined_string (0.5ms)
  Rendered /Users/Todd/.rvm/gems/ruby-2.2.1/gems/web-console-2.3.0/lib/web_console/templates/style.css.erb within layouts/inlined_string (0.4ms)
  Rendered /Users/Todd/.rvm/gems/ruby-2.2.1/gems/web-console-2.3.0/lib/web_console/templates/console.js.erb within layouts/javascript (79.3ms)
  Rendered /Users/Todd/.rvm/gems/ruby-2.2.1/gems/web-console-2.3.0/lib/web_console/templates/main.js.erb within layouts/javascript (0.7ms)
  Rendered /Users/Todd/.rvm/gems/ruby-2.2.1/gems/web-console-2.3.0/lib/web_console/templates/error_page.js.erb within layouts/javascript (0.5ms)
  Rendered /Users/Todd/.rvm/gems/ruby-2.2.1/gems/web-console-2.3.0/lib/web_console/templates/index.html.erb (220.9ms)


Started GET "/" for ::1 at 2016-11-23 14:55:00 -0800
Processing by UsersController#index as HTML
  [1m[36mUser Load (1.3ms)[0m  [1mSELECT "users".* FROM "users"[0m
  Rendered users/index.html.erb within layouts/application (22.7ms)
Completed 200 OK in 171ms (Views: 163.5ms | ActiveRecord: 2.4ms)


Started GET "/users/new" for ::1 at 2016-11-23 14:55:08 -0800
Processing by UsersController#new as HTML
  Rendered users/new.html.erb within layouts/application (0.8ms)
Completed 200 OK in 58ms (Views: 51.3ms | ActiveRecord: 0.0ms)


Started POST "/users" for ::1 at 2016-11-23 14:55:25 -0800
Processing by UsersController#create as HTML
  Parameters: {"authenticity_token"=>"MUlmhKgYdEeFZwLyvvK6CIzurWEfXCNFnAfN8zXSsoiRc32I+v0jeOc9OirG77HyQcv/bKvS3DUoAIXZHiXHjg==", "name"=>"Nicci The Nomad", "email"=>"nicci@nicci.com", "age"=>"21", "password"=>"[FILTERED]"}
  [1m[35mUser Exists (0.2ms)[0m  SELECT  1 AS one FROM "users" WHERE LOWER("users"."email") = LOWER('nicci@nicci.com') LIMIT 1
  [1m[36m (0.1ms)[0m  [1mbegin transaction[0m
  [1m[35mCACHE (0.0ms)[0m  SELECT  1 AS one FROM "users" WHERE LOWER("users"."email") = LOWER('nicci@nicci.com') LIMIT 1
  [1m[36mSQL (1.0ms)[0m  [1mINSERT INTO "users" ("name", "email", "password", "age", "created_at", "updated_at") VALUES (?, ?, ?, ?, ?, ?)[0m  [["name", "Nicci The Nomad"], ["email", "nicci@nicci.com"], ["password", "password"], ["age", 21], ["created_at", "2016-11-23 22:55:25.219734"], ["updated_at", "2016-11-23 22:55:25.219734"]]
  [1m[35m (2.6ms)[0m  commit transaction
Redirected to http://localhost:3000/
Completed 302 Found in 21ms (ActiveRecord: 4.0ms)


Started GET "/" for ::1 at 2016-11-23 14:55:25 -0800
Processing by UsersController#index as HTML
  [1m[36mUser Load (0.3ms)[0m  [1mSELECT "users".* FROM "users"[0m
  Rendered users/index.html.erb within layouts/application (5.5ms)
Completed 200 OK in 69ms (Views: 62.6ms | ActiveRecord: 0.3ms)


Started GET "/users/new" for ::1 at 2016-11-23 14:57:38 -0800
Processing by UsersController#new as HTML
  Rendered users/new.html.erb within layouts/application (1.9ms)
Completed 200 OK in 180ms (Views: 177.7ms | ActiveRecord: 0.0ms)


Started POST "/users" for ::1 at 2016-11-23 14:57:41 -0800
Processing by UsersController#create as HTML
  Parameters: {"authenticity_token"=>"kceGu911eNAZoxQKedLat201l5P3Gd3sic1sHcsiAzcx/Z23j5Av73v5LNIBz9FNoBDFnkOXIpw9yiQ34NV2MQ==", "user"=>{"name"=>"", "email"=>"", "age"=>"", "password"=>"[FILTERED]"}}
Completed 500 Internal Server Error in 24ms (ActiveRecord: 0.0ms)

NameError (undefined local variable or method `user' for #<UsersController:0x007fc3b38903e0>):
  app/controllers/users_controller.rb:11:in `create'


  Rendered /Users/Todd/.rvm/gems/ruby-2.2.1/gems/actionpack-4.2.5.1/lib/action_dispatch/middleware/templates/rescues/_source.erb (15.6ms)
  Rendered /Users/Todd/.rvm/gems/ruby-2.2.1/gems/actionpack-4.2.5.1/lib/action_dispatch/middleware/templates/rescues/_trace.html.erb (3.7ms)
  Rendered /Users/Todd/.rvm/gems/ruby-2.2.1/gems/actionpack-4.2.5.1/lib/action_dispatch/middleware/templates/rescues/_request_and_response.html.erb (1.6ms)
  Rendered /Users/Todd/.rvm/gems/ruby-2.2.1/gems/actionpack-4.2.5.1/lib/action_dispatch/middleware/templates/rescues/diagnostics.html.erb within rescues/layout (180.2ms)
  Rendered /Users/Todd/.rvm/gems/ruby-2.2.1/gems/web-console-2.3.0/lib/web_console/templates/_markup.html.erb (2.1ms)
  Rendered /Users/Todd/.rvm/gems/ruby-2.2.1/gems/web-console-2.3.0/lib/web_console/templates/_inner_console_markup.html.erb within layouts/inlined_string (3.4ms)
  Rendered /Users/Todd/.rvm/gems/ruby-2.2.1/gems/web-console-2.3.0/lib/web_console/templates/_prompt_box_markup.html.erb within layouts/inlined_string (0.6ms)
  Rendered /Users/Todd/.rvm/gems/ruby-2.2.1/gems/web-console-2.3.0/lib/web_console/templates/style.css.erb within layouts/inlined_string (0.9ms)
  Rendered /Users/Todd/.rvm/gems/ruby-2.2.1/gems/web-console-2.3.0/lib/web_console/templates/console.js.erb within layouts/javascript (173.3ms)
  Rendered /Users/Todd/.rvm/gems/ruby-2.2.1/gems/web-console-2.3.0/lib/web_console/templates/main.js.erb within layouts/javascript (0.7ms)
  Rendered /Users/Todd/.rvm/gems/ruby-2.2.1/gems/web-console-2.3.0/lib/web_console/templates/error_page.js.erb within layouts/javascript (0.6ms)
  Rendered /Users/Todd/.rvm/gems/ruby-2.2.1/gems/web-console-2.3.0/lib/web_console/templates/index.html.erb (394.7ms)


Started POST "/users" for ::1 at 2016-11-23 14:58:09 -0800
Processing by UsersController#create as HTML
  Parameters: {"authenticity_token"=>"kceGu911eNAZoxQKedLat201l5P3Gd3sic1sHcsiAzcx/Z23j5Av73v5LNIBz9FNoBDFnkOXIpw9yiQ34NV2MQ==", "user"=>{"name"=>"", "email"=>"", "age"=>"", "password"=>"[FILTERED]"}}
Completed 500 Internal Server Error in 20ms (ActiveRecord: 0.0ms)

NameError (undefined local variable or method `user' for #<UsersController:0x007fc3b2509560>):
  app/controllers/users_controller.rb:12:in `create'


  Rendered /Users/Todd/.rvm/gems/ruby-2.2.1/gems/actionpack-4.2.5.1/lib/action_dispatch/middleware/templates/rescues/_source.erb (12.3ms)
  Rendered /Users/Todd/.rvm/gems/ruby-2.2.1/gems/actionpack-4.2.5.1/lib/action_dispatch/middleware/templates/rescues/_trace.html.erb (4.7ms)
  Rendered /Users/Todd/.rvm/gems/ruby-2.2.1/gems/actionpack-4.2.5.1/lib/action_dispatch/middleware/templates/rescues/_request_and_response.html.erb (1.6ms)
  Rendered /Users/Todd/.rvm/gems/ruby-2.2.1/gems/actionpack-4.2.5.1/lib/action_dispatch/middleware/templates/rescues/diagnostics.html.erb within rescues/layout (123.4ms)
  Rendered /Users/Todd/.rvm/gems/ruby-2.2.1/gems/web-console-2.3.0/lib/web_console/templates/_markup.html.erb (0.9ms)
  Rendered /Users/Todd/.rvm/gems/ruby-2.2.1/gems/web-console-2.3.0/lib/web_console/templates/_inner_console_markup.html.erb within layouts/inlined_string (0.4ms)
  Rendered /Users/Todd/.rvm/gems/ruby-2.2.1/gems/web-console-2.3.0/lib/web_console/templates/_prompt_box_markup.html.erb within layouts/inlined_string (0.4ms)
  Rendered /Users/Todd/.rvm/gems/ruby-2.2.1/gems/web-console-2.3.0/lib/web_console/templates/style.css.erb within layouts/inlined_string (0.5ms)
  Rendered /Users/Todd/.rvm/gems/ruby-2.2.1/gems/web-console-2.3.0/lib/web_console/templates/console.js.erb within layouts/javascript (123.5ms)
  Rendered /Users/Todd/.rvm/gems/ruby-2.2.1/gems/web-console-2.3.0/lib/web_console/templates/main.js.erb within layouts/javascript (1.1ms)
  Rendered /Users/Todd/.rvm/gems/ruby-2.2.1/gems/web-console-2.3.0/lib/web_console/templates/error_page.js.erb within layouts/javascript (0.6ms)
  Rendered /Users/Todd/.rvm/gems/ruby-2.2.1/gems/web-console-2.3.0/lib/web_console/templates/index.html.erb (275.6ms)


Started GET "/" for ::1 at 2016-11-23 15:03:50 -0800
Processing by UsersController#index as HTML
  [1m[35mUser Load (0.3ms)[0m  SELECT "users".* FROM "users"
  Rendered users/index.html.erb within layouts/application (13.7ms)
Completed 200 OK in 324ms (Views: 318.7ms | ActiveRecord: 0.8ms)


Started GET "/users/new" for ::1 at 2016-11-23 15:03:52 -0800
Processing by UsersController#new as HTML
  Rendered users/new.html.erb within layouts/application (0.2ms)
Completed 200 OK in 66ms (Views: 56.0ms | ActiveRecord: 0.0ms)


Started POST "/users" for ::1 at 2016-11-23 15:04:08 -0800
Processing by UsersController#create as HTML
  Parameters: {"authenticity_token"=>"UGbQYLbsdi+QgCmAirDzJq+hlcVdmiWJsOjwhZ5WOPLwXMts5AkhEPLaEVjyrfjcYoTHyOkU2vkE77ivtaFN9A==", "user"=>{"name"=>"Dylan", "email"=>"dylan@dylan.com", "age"=>"26", "password"=>"[FILTERED]"}}
  [1m[36mUser Exists (0.2ms)[0m  [1mSELECT  1 AS one FROM "users" WHERE LOWER("users"."email") = LOWER('dylan@dylan.com') LIMIT 1[0m
  [1m[35m (0.1ms)[0m  begin transaction
  [1m[36mCACHE (0.0ms)[0m  [1mSELECT  1 AS one FROM "users" WHERE LOWER("users"."email") = LOWER('dylan@dylan.com') LIMIT 1[0m
  [1m[35mSQL (0.7ms)[0m  INSERT INTO "users" ("name", "email", "age", "password", "created_at", "updated_at") VALUES (?, ?, ?, ?, ?, ?)  [["name", "Dylan"], ["email", "dylan@dylan.com"], ["age", 26], ["password", "password"], ["created_at", "2016-11-23 23:04:08.760070"], ["updated_at", "2016-11-23 23:04:08.760070"]]
  [1m[36m (11.7ms)[0m  [1mcommit transaction[0m
Redirected to http://localhost:3000/
Completed 302 Found in 39ms (ActiveRecord: 12.7ms)


Started GET "/" for ::1 at 2016-11-23 15:04:08 -0800
Processing by UsersController#index as HTML
  [1m[35mUser Load (0.3ms)[0m  SELECT "users".* FROM "users"
  Rendered users/index.html.erb within layouts/application (1.4ms)
Completed 200 OK in 124ms (Views: 99.9ms | ActiveRecord: 0.3ms)
  [1m[36mUser Exists (0.5ms)[0m  [1mSELECT  1 AS one FROM "users" WHERE "users"."email" IS NULL LIMIT 1[0m


Started GET "/" for ::1 at 2016-12-21 14:16:13 -0800
  [1m[36mActiveRecord::SchemaMigration Load (0.6ms)[0m  [1mSELECT "schema_migrations".* FROM "schema_migrations"[0m
Processing by UsersController#index as HTML
  [1m[35mUser Load (1.0ms)[0m  SELECT "users".* FROM "users"
  Rendered users/index.html.erb within layouts/application (19.9ms)
Completed 200 OK in 1106ms (Views: 1072.4ms | ActiveRecord: 3.6ms)


Started GET "/users/new" for ::1 at 2016-12-21 14:16:19 -0800
Processing by UsersController#new as HTML
  Rendered users/new.html.erb within layouts/application (73.8ms)
Completed 200 OK in 205ms (Views: 200.3ms | ActiveRecord: 0.0ms)


Started GET "/users/new" for ::1 at 2016-12-21 14:20:04 -0800
Processing by UsersController#new as HTML
  Rendered users/new.html.erb within layouts/application (3.5ms)
Completed 200 OK in 328ms (Views: 325.9ms | ActiveRecord: 0.0ms)


Started GET "/assets/application.self-aad931994558f0ac754534e56715dc0e00e6be8f018f11d00c9eb22fce9f996d.css?body=1" for ::1 at 2016-12-21 14:20:05 -0800


Started GET "/users/new" for ::1 at 2016-12-21 14:21:44 -0800
Processing by UsersController#new as HTML
  Rendered users/new.html.erb within layouts/application (271.7ms)
Completed 500 Internal Server Error in 348ms (ActiveRecord: 0.0ms)

ActionView::Template::Error (undefined method `label_tag' for #<ActionView::Helpers::FormBuilder:0x007fc8bc7a4860>):
    13:   <input type="submit" value="Create User">
    14: </form> -->
    15: <%= form_for @user, url: {action: "create"}, html: {class:"user_form"} do |f| %>
    16:   <%= f.label_tag :name, "Name" %>
    17:   <%= f.text_field :name %>
    18:   <%= f.text_field :email %>
    19:   <%= f.password_field :password %>
  app/views/users/new.html.erb:16:in `block in _app_views_users_new_html_erb___575965324629693863_70250113101340'
  app/views/users/new.html.erb:15:in `_app_views_users_new_html_erb___575965324629693863_70250113101340'


  Rendered /Users/Todd/.rvm/gems/ruby-2.2.1/gems/actionpack-4.2.5.1/lib/action_dispatch/middleware/templates/rescues/_source.erb (65.3ms)
  Rendered /Users/Todd/.rvm/gems/ruby-2.2.1/gems/actionpack-4.2.5.1/lib/action_dispatch/middleware/templates/rescues/_trace.html.erb (8.0ms)
  Rendered /Users/Todd/.rvm/gems/ruby-2.2.1/gems/actionpack-4.2.5.1/lib/action_dispatch/middleware/templates/rescues/_request_and_response.html.erb (53.8ms)
  Rendered /Users/Todd/.rvm/gems/ruby-2.2.1/gems/actionpack-4.2.5.1/lib/action_dispatch/middleware/templates/rescues/template_error.html.erb within rescues/layout (393.6ms)
  Rendered /Users/Todd/.rvm/gems/ruby-2.2.1/gems/web-console-2.3.0/lib/web_console/templates/_markup.html.erb (15.8ms)
  Rendered /Users/Todd/.rvm/gems/ruby-2.2.1/gems/web-console-2.3.0/lib/web_console/templates/_inner_console_markup.html.erb within layouts/inlined_string (0.6ms)
  Rendered /Users/Todd/.rvm/gems/ruby-2.2.1/gems/web-console-2.3.0/lib/web_console/templates/_prompt_box_markup.html.erb within layouts/inlined_string (2.5ms)
  Rendered /Users/Todd/.rvm/gems/ruby-2.2.1/gems/web-console-2.3.0/lib/web_console/templates/style.css.erb within layouts/inlined_string (1.1ms)
  Rendered /Users/Todd/.rvm/gems/ruby-2.2.1/gems/web-console-2.3.0/lib/web_console/templates/console.js.erb within layouts/javascript (509.2ms)
  Rendered /Users/Todd/.rvm/gems/ruby-2.2.1/gems/web-console-2.3.0/lib/web_console/templates/main.js.erb within layouts/javascript (1.3ms)
  Rendered /Users/Todd/.rvm/gems/ruby-2.2.1/gems/web-console-2.3.0/lib/web_console/templates/error_page.js.erb within layouts/javascript (2.2ms)
  Rendered /Users/Todd/.rvm/gems/ruby-2.2.1/gems/web-console-2.3.0/lib/web_console/templates/index.html.erb (1038.8ms)


Started GET "/users/new" for ::1 at 2016-12-21 14:21:58 -0800
Processing by UsersController#new as HTML
  Rendered users/new.html.erb within layouts/application (4.9ms)
Completed 200 OK in 509ms (Views: 508.1ms | ActiveRecord: 0.0ms)


Started GET "/users/new" for ::1 at 2016-12-21 14:23:18 -0800
Processing by UsersController#new as HTML
  Rendered users/new.html.erb within layouts/application (3.6ms)
Completed 200 OK in 221ms (Views: 219.7ms | ActiveRecord: 0.0ms)


Started GET "/users" for ::1 at 2016-12-21 14:24:17 -0800

ActionController::RoutingError (No route matches [GET] "/users"):
  actionpack (4.2.5.1) lib/action_dispatch/middleware/debug_exceptions.rb:21:in `call'
  web-console (2.3.0) lib/web_console/middleware.rb:28:in `block in call'
  web-console (2.3.0) lib/web_console/middleware.rb:18:in `catch'
  web-console (2.3.0) lib/web_console/middleware.rb:18:in `call'
  actionpack (4.2.5.1) lib/action_dispatch/middleware/show_exceptions.rb:30:in `call'
  railties (4.2.5.1) lib/rails/rack/logger.rb:38:in `call_app'
  railties (4.2.5.1) lib/rails/rack/logger.rb:20:in `block in call'
  activesupport (4.2.5.1) lib/active_support/tagged_logging.rb:68:in `block in tagged'
  activesupport (4.2.5.1) lib/active_support/tagged_logging.rb:26:in `tagged'
  activesupport (4.2.5.1) lib/active_support/tagged_logging.rb:68:in `tagged'
  railties (4.2.5.1) lib/rails/rack/logger.rb:20:in `call'
  actionpack (4.2.5.1) lib/action_dispatch/middleware/request_id.rb:21:in `call'
  rack (1.6.5) lib/rack/methodoverride.rb:22:in `call'
  rack (1.6.5) lib/rack/runtime.rb:18:in `call'
  activesupport (4.2.5.1) lib/active_support/cache/strategy/local_cache_middleware.rb:28:in `call'
  rack (1.6.5) lib/rack/lock.rb:17:in `call'
  actionpack (4.2.5.1) lib/action_dispatch/middleware/static.rb:116:in `call'
  rack (1.6.5) lib/rack/sendfile.rb:113:in `call'
  railties (4.2.5.1) lib/rails/engine.rb:518:in `call'
  railties (4.2.5.1) lib/rails/application.rb:165:in `call'
  rack (1.6.5) lib/rack/lock.rb:17:in `call'
  rack (1.6.5) lib/rack/content_length.rb:15:in `call'
  rack (1.6.5) lib/rack/handler/webrick.rb:88:in `service'
  /Users/Todd/.rvm/rubies/ruby-2.2.1/lib/ruby/2.2.0/webrick/httpserver.rb:138:in `service'
  /Users/Todd/.rvm/rubies/ruby-2.2.1/lib/ruby/2.2.0/webrick/httpserver.rb:94:in `run'
  /Users/Todd/.rvm/rubies/ruby-2.2.1/lib/ruby/2.2.0/webrick/server.rb:294:in `block in start_thread'


  Rendered /Users/Todd/.rvm/gems/ruby-2.2.1/gems/actionpack-4.2.5.1/lib/action_dispatch/middleware/templates/rescues/_trace.html.erb (3.5ms)
  Rendered /Users/Todd/.rvm/gems/ruby-2.2.1/gems/actionpack-4.2.5.1/lib/action_dispatch/middleware/templates/routes/_route.html.erb (1.7ms)
  Rendered /Users/Todd/.rvm/gems/ruby-2.2.1/gems/actionpack-4.2.5.1/lib/action_dispatch/middleware/templates/routes/_table.html.erb (40.5ms)
  Rendered /Users/Todd/.rvm/gems/ruby-2.2.1/gems/actionpack-4.2.5.1/lib/action_dispatch/middleware/templates/rescues/_request_and_response.html.erb (6.2ms)
  Rendered /Users/Todd/.rvm/gems/ruby-2.2.1/gems/actionpack-4.2.5.1/lib/action_dispatch/middleware/templates/rescues/routing_error.html.erb within rescues/layout (269.9ms)
  Rendered /Users/Todd/.rvm/gems/ruby-2.2.1/gems/web-console-2.3.0/lib/web_console/templates/_markup.html.erb (1.0ms)
  Rendered /Users/Todd/.rvm/gems/ruby-2.2.1/gems/web-console-2.3.0/lib/web_console/templates/_inner_console_markup.html.erb within layouts/inlined_string (0.4ms)
  Rendered /Users/Todd/.rvm/gems/ruby-2.2.1/gems/web-console-2.3.0/lib/web_console/templates/_prompt_box_markup.html.erb within layouts/inlined_string (1.0ms)
  Rendered /Users/Todd/.rvm/gems/ruby-2.2.1/gems/web-console-2.3.0/lib/web_console/templates/style.css.erb within layouts/inlined_string (0.5ms)
  Rendered /Users/Todd/.rvm/gems/ruby-2.2.1/gems/web-console-2.3.0/lib/web_console/templates/console.js.erb within layouts/javascript (130.5ms)
  Rendered /Users/Todd/.rvm/gems/ruby-2.2.1/gems/web-console-2.3.0/lib/web_console/templates/main.js.erb within layouts/javascript (0.6ms)
  Rendered /Users/Todd/.rvm/gems/ruby-2.2.1/gems/web-console-2.3.0/lib/web_console/templates/error_page.js.erb within layouts/javascript (1.3ms)
  Rendered /Users/Todd/.rvm/gems/ruby-2.2.1/gems/web-console-2.3.0/lib/web_console/templates/index.html.erb (310.7ms)


Started GET "/" for ::1 at 2016-12-21 14:24:21 -0800
Processing by UsersController#index as HTML
  [1m[36mUser Load (0.9ms)[0m  [1mSELECT "users".* FROM "users"[0m
  Rendered users/index.html.erb within layouts/application (3.1ms)
Completed 200 OK in 173ms (Views: 170.4ms | ActiveRecord: 0.9ms)


Started GET "/" for ::1 at 2016-12-21 14:25:14 -0800
Processing by UsersController#index as HTML
  [1m[35mUser Load (0.3ms)[0m  SELECT "users".* FROM "users"
  Rendered users/index.html.erb within layouts/application (2.9ms)
Completed 200 OK in 209ms (Views: 207.3ms | ActiveRecord: 0.3ms)


Started GET "/" for ::1 at 2016-12-21 14:27:39 -0800
Processing by UsersController#index as HTML
  [1m[36mUser Load (17.4ms)[0m  [1mSELECT "users".* FROM "users"[0m
  Rendered users/index.html.erb within layouts/application (32.6ms)
Completed 200 OK in 168ms (Views: 129.3ms | ActiveRecord: 19.1ms)


Started GET "/users/1/edit" for ::1 at 2016-12-21 14:27:41 -0800
Processing by UsersController#edit as HTML
  Parameters: {"id"=>"1"}
  [1m[35mUser Load (0.5ms)[0m  SELECT  "users".* FROM "users" WHERE "users"."id" = ? LIMIT 1  [["id", 1]]
  Rendered users/edit.html.erb within layouts/application (9.7ms)
Completed 500 Internal Server Error in 118ms (ActiveRecord: 0.5ms)

ActionView::Template::Error (undefined method `first_name' for #<User:0x007fc8c226dc60>):
    1: <h1><%= @user.full_name %>'s Edit Page!</h1>
  app/models/user.rb:8:in `full_name'
  app/views/users/edit.html.erb:1:in `_app_views_users_edit_html_erb___3166419483052571973_70250113753500'


  Rendered /Users/Todd/.rvm/gems/ruby-2.2.1/gems/actionpack-4.2.5.1/lib/action_dispatch/middleware/templates/rescues/_source.erb (51.0ms)
  Rendered /Users/Todd/.rvm/gems/ruby-2.2.1/gems/actionpack-4.2.5.1/lib/action_dispatch/middleware/templates/rescues/_trace.html.erb (7.5ms)
  Rendered /Users/Todd/.rvm/gems/ruby-2.2.1/gems/actionpack-4.2.5.1/lib/action_dispatch/middleware/templates/rescues/_request_and_response.html.erb (4.8ms)
  Rendered /Users/Todd/.rvm/gems/ruby-2.2.1/gems/actionpack-4.2.5.1/lib/action_dispatch/middleware/templates/rescues/template_error.html.erb within rescues/layout (362.6ms)
  Rendered /Users/Todd/.rvm/gems/ruby-2.2.1/gems/web-console-2.3.0/lib/web_console/templates/_markup.html.erb (2.8ms)
  Rendered /Users/Todd/.rvm/gems/ruby-2.2.1/gems/web-console-2.3.0/lib/web_console/templates/_inner_console_markup.html.erb within layouts/inlined_string (0.6ms)
  Rendered /Users/Todd/.rvm/gems/ruby-2.2.1/gems/web-console-2.3.0/lib/web_console/templates/_prompt_box_markup.html.erb within layouts/inlined_string (0.7ms)
  Rendered /Users/Todd/.rvm/gems/ruby-2.2.1/gems/web-console-2.3.0/lib/web_console/templates/style.css.erb within layouts/inlined_string (0.5ms)
  Rendered /Users/Todd/.rvm/gems/ruby-2.2.1/gems/web-console-2.3.0/lib/web_console/templates/console.js.erb within layouts/javascript (383.0ms)
  Rendered /Users/Todd/.rvm/gems/ruby-2.2.1/gems/web-console-2.3.0/lib/web_console/templates/main.js.erb within layouts/javascript (2.3ms)
  Rendered /Users/Todd/.rvm/gems/ruby-2.2.1/gems/web-console-2.3.0/lib/web_console/templates/error_page.js.erb within layouts/javascript (0.7ms)
  Rendered /Users/Todd/.rvm/gems/ruby-2.2.1/gems/web-console-2.3.0/lib/web_console/templates/index.html.erb (899.0ms)


Started GET "/users/1/edit" for ::1 at 2016-12-21 14:28:04 -0800
Processing by UsersController#edit as HTML
  Parameters: {"id"=>"1"}
  [1m[36mUser Load (0.3ms)[0m  [1mSELECT  "users".* FROM "users" WHERE "users"."id" = ? LIMIT 1[0m  [["id", 1]]
  Rendered users/edit.html.erb within layouts/application (0.7ms)
Completed 200 OK in 66ms (Views: 45.4ms | ActiveRecord: 1.4ms)


Started GET "/users/1/edit" for ::1 at 2016-12-21 14:32:22 -0800
Processing by UsersController#edit as HTML
  Parameters: {"id"=>"1"}
  [1m[35mUser Load (0.2ms)[0m  SELECT  "users".* FROM "users" WHERE "users"."id" = ? LIMIT 1  [["id", 1]]
  Rendered users/edit.html.erb within layouts/application (1.7ms)
Completed 500 Internal Server Error in 14ms (ActiveRecord: 0.2ms)

SyntaxError (/Users/Todd/Dropbox/CodingDojo/RUBY/Online_Lectures/Week4_Controllers&Views/SaveUsers/app/views/users/edit.html.erb:14: syntax error, unexpected keyword_ensure, expecting end-of-input):
  app/views/users/edit.html.erb:14: syntax error, unexpected keyword_ensure, expecting end-of-input


  Rendered /Users/Todd/.rvm/gems/ruby-2.2.1/gems/actionpack-4.2.5.1/lib/action_dispatch/middleware/templates/rescues/_source.erb (17.6ms)
  Rendered /Users/Todd/.rvm/gems/ruby-2.2.1/gems/actionpack-4.2.5.1/lib/action_dispatch/middleware/templates/rescues/_trace.html.erb (8.2ms)
  Rendered /Users/Todd/.rvm/gems/ruby-2.2.1/gems/actionpack-4.2.5.1/lib/action_dispatch/middleware/templates/rescues/_request_and_response.html.erb (1.7ms)
  Rendered /Users/Todd/.rvm/gems/ruby-2.2.1/gems/actionpack-4.2.5.1/lib/action_dispatch/middleware/templates/rescues/diagnostics.html.erb within rescues/layout (176.7ms)
  Rendered /Users/Todd/.rvm/gems/ruby-2.2.1/gems/web-console-2.3.0/lib/web_console/templates/_markup.html.erb (0.5ms)
  Rendered /Users/Todd/.rvm/gems/ruby-2.2.1/gems/web-console-2.3.0/lib/web_console/templates/_inner_console_markup.html.erb within layouts/inlined_string (0.5ms)
  Rendered /Users/Todd/.rvm/gems/ruby-2.2.1/gems/web-console-2.3.0/lib/web_console/templates/_prompt_box_markup.html.erb within layouts/inlined_string (2.0ms)
  Rendered /Users/Todd/.rvm/gems/ruby-2.2.1/gems/web-console-2.3.0/lib/web_console/templates/style.css.erb within layouts/inlined_string (0.6ms)
  Rendered /Users/Todd/.rvm/gems/ruby-2.2.1/gems/web-console-2.3.0/lib/web_console/templates/console.js.erb within layouts/javascript (110.3ms)
  Rendered /Users/Todd/.rvm/gems/ruby-2.2.1/gems/web-console-2.3.0/lib/web_console/templates/main.js.erb within layouts/javascript (1.6ms)
  Rendered /Users/Todd/.rvm/gems/ruby-2.2.1/gems/web-console-2.3.0/lib/web_console/templates/error_page.js.erb within layouts/javascript (0.6ms)
  Rendered /Users/Todd/.rvm/gems/ruby-2.2.1/gems/web-console-2.3.0/lib/web_console/templates/index.html.erb (242.3ms)


Started GET "/users/1/edit" for ::1 at 2016-12-21 14:32:53 -0800
Processing by UsersController#edit as HTML
  Parameters: {"id"=>"1"}
  [1m[36mUser Load (0.2ms)[0m  [1mSELECT  "users".* FROM "users" WHERE "users"."id" = ? LIMIT 1[0m  [["id", 1]]
  Rendered users/edit.html.erb within layouts/application (10.5ms)
Completed 500 Internal Server Error in 28ms (ActiveRecord: 0.2ms)

ActionView::Template::Error (No route matches {:action=>"update", :controller=>"users", :id=>"1"}):
    1: <h1><%= @user.name %>'s Edit Page!</h1>
    2: <%= form_for @user, url: {action: 'update'}, html: {class: 'user_form'} do |f| %>
    3:   <%= label_tag :name, "Name" %>
    4:   <%= f.text_field :name %>
    5:   <%= label_tag :email, "Email" %>
  app/views/users/edit.html.erb:2:in `_app_views_users_edit_html_erb___3166419483052571973_70250070325820'


  Rendered /Users/Todd/.rvm/gems/ruby-2.2.1/gems/actionpack-4.2.5.1/lib/action_dispatch/middleware/templates/rescues/_source.erb (32.7ms)
  Rendered /Users/Todd/.rvm/gems/ruby-2.2.1/gems/actionpack-4.2.5.1/lib/action_dispatch/middleware/templates/rescues/_trace.html.erb (5.4ms)
  Rendered /Users/Todd/.rvm/gems/ruby-2.2.1/gems/actionpack-4.2.5.1/lib/action_dispatch/middleware/templates/rescues/_request_and_response.html.erb (2.9ms)
  Rendered /Users/Todd/.rvm/gems/ruby-2.2.1/gems/actionpack-4.2.5.1/lib/action_dispatch/middleware/templates/rescues/template_error.html.erb within rescues/layout (183.4ms)
  Rendered /Users/Todd/.rvm/gems/ruby-2.2.1/gems/web-console-2.3.0/lib/web_console/templates/_markup.html.erb (0.7ms)
  Rendered /Users/Todd/.rvm/gems/ruby-2.2.1/gems/web-console-2.3.0/lib/web_console/templates/_inner_console_markup.html.erb within layouts/inlined_string (0.7ms)
  Rendered /Users/Todd/.rvm/gems/ruby-2.2.1/gems/web-console-2.3.0/lib/web_console/templates/_prompt_box_markup.html.erb within layouts/inlined_string (0.4ms)
  Rendered /Users/Todd/.rvm/gems/ruby-2.2.1/gems/web-console-2.3.0/lib/web_console/templates/style.css.erb within layouts/inlined_string (0.8ms)
  Rendered /Users/Todd/.rvm/gems/ruby-2.2.1/gems/web-console-2.3.0/lib/web_console/templates/console.js.erb within layouts/javascript (135.8ms)
  Rendered /Users/Todd/.rvm/gems/ruby-2.2.1/gems/web-console-2.3.0/lib/web_console/templates/main.js.erb within layouts/javascript (0.7ms)
  Rendered /Users/Todd/.rvm/gems/ruby-2.2.1/gems/web-console-2.3.0/lib/web_console/templates/error_page.js.erb within layouts/javascript (1.8ms)
  Rendered /Users/Todd/.rvm/gems/ruby-2.2.1/gems/web-console-2.3.0/lib/web_console/templates/index.html.erb (284.4ms)


Started GET "/users/1/edit" for ::1 at 2016-12-21 14:33:21 -0800
Processing by UsersController#edit as HTML
  Parameters: {"id"=>"1"}
  [1m[35mUser Load (0.3ms)[0m  SELECT  "users".* FROM "users" WHERE "users"."id" = ? LIMIT 1  [["id", 1]]
  Rendered users/edit.html.erb within layouts/application (18.0ms)
Completed 500 Internal Server Error in 58ms (ActiveRecord: 1.5ms)

ActionView::Template::Error (No route matches {:action=>"update", :controller=>"users", :id=>"1"}):
    1: <h1><%= @user.name %>'s Edit Page!</h1>
    2: <%= form_for @user, url: {action: 'update'}, html: {class: 'user_form'} do |f| %>
    3:   <%= label_tag :name, "Name" %>
    4:   <%= f.text_field :name %>
    5:   <%= label_tag :email, "Email" %>
  app/views/users/edit.html.erb:2:in `_app_views_users_edit_html_erb___3166419483052571973_70250070325820'


  Rendered /Users/Todd/.rvm/gems/ruby-2.2.1/gems/actionpack-4.2.5.1/lib/action_dispatch/middleware/templates/rescues/_source.erb (32.1ms)
  Rendered /Users/Todd/.rvm/gems/ruby-2.2.1/gems/actionpack-4.2.5.1/lib/action_dispatch/middleware/templates/rescues/_trace.html.erb (12.8ms)
  Rendered /Users/Todd/.rvm/gems/ruby-2.2.1/gems/actionpack-4.2.5.1/lib/action_dispatch/middleware/templates/rescues/_request_and_response.html.erb (1.7ms)
  Rendered /Users/Todd/.rvm/gems/ruby-2.2.1/gems/actionpack-4.2.5.1/lib/action_dispatch/middleware/templates/rescues/template_error.html.erb within rescues/layout (159.0ms)
  Rendered /Users/Todd/.rvm/gems/ruby-2.2.1/gems/web-console-2.3.0/lib/web_console/templates/_markup.html.erb (0.8ms)
  Rendered /Users/Todd/.rvm/gems/ruby-2.2.1/gems/web-console-2.3.0/lib/web_console/templates/_inner_console_markup.html.erb within layouts/inlined_string (1.1ms)
  Rendered /Users/Todd/.rvm/gems/ruby-2.2.1/gems/web-console-2.3.0/lib/web_console/templates/_prompt_box_markup.html.erb within layouts/inlined_string (0.4ms)
  Rendered /Users/Todd/.rvm/gems/ruby-2.2.1/gems/web-console-2.3.0/lib/web_console/templates/style.css.erb within layouts/inlined_string (0.6ms)
  Rendered /Users/Todd/.rvm/gems/ruby-2.2.1/gems/web-console-2.3.0/lib/web_console/templates/console.js.erb within layouts/javascript (140.1ms)
  Rendered /Users/Todd/.rvm/gems/ruby-2.2.1/gems/web-console-2.3.0/lib/web_console/templates/main.js.erb within layouts/javascript (0.7ms)
  Rendered /Users/Todd/.rvm/gems/ruby-2.2.1/gems/web-console-2.3.0/lib/web_console/templates/error_page.js.erb within layouts/javascript (1.3ms)
  Rendered /Users/Todd/.rvm/gems/ruby-2.2.1/gems/web-console-2.3.0/lib/web_console/templates/index.html.erb (287.6ms)


Started GET "/users/1/edit" for ::1 at 2016-12-21 14:33:39 -0800
Processing by UsersController#edit as HTML
  Parameters: {"id"=>"1"}
  [1m[36mUser Load (0.4ms)[0m  [1mSELECT  "users".* FROM "users" WHERE "users"."id" = ? LIMIT 1[0m  [["id", 1]]
  Rendered users/edit.html.erb within layouts/application (3.9ms)
Completed 200 OK in 195ms (Views: 155.5ms | ActiveRecord: 2.9ms)


Started GET "/" for ::1 at 2016-12-21 14:38:13 -0800
Processing by UsersController#index as HTML
  [1m[35mUser Load (0.4ms)[0m  SELECT "users".* FROM "users"
  Rendered users/index.html.erb within layouts/application (2.1ms)
Completed 200 OK in 171ms (Views: 169.4ms | ActiveRecord: 0.4ms)


Started GET "/users/new" for ::1 at 2016-12-21 14:38:16 -0800
Processing by UsersController#new as HTML
  Rendered users/new.html.erb within layouts/application (2.6ms)
Completed 200 OK in 119ms (Views: 117.8ms | ActiveRecord: 0.0ms)


Started POST "/users" for ::1 at 2016-12-21 14:38:17 -0800
Processing by UsersController#create as HTML
  Parameters: {"utf8"=>"✓", "authenticity_token"=>"xCN5pY9MDGDHY0Wwab9mbibiAjKkMDnNi1k2yTGE2hkk52m93X44cjYEkxJhtesXAhuZRMQYFqIR2qVgQhnAlQ==", "user"=>{"name"=>"", "email"=>"", "password"=>"[FILTERED]", "age"=>""}, "commit"=>"Create User"}
  [1m[36mUser Exists (0.3ms)[0m  [1mSELECT  1 AS one FROM "users" WHERE LOWER("users"."email") = LOWER('') LIMIT 1[0m
Redirected to http://localhost:3000/users/new
Completed 302 Found in 170ms (ActiveRecord: 0.3ms)


Started GET "/users/new" for ::1 at 2016-12-21 14:38:18 -0800
Processing by UsersController#new as HTML
  Rendered users/new.html.erb within layouts/application (11.2ms)
Completed 200 OK in 95ms (Views: 93.6ms | ActiveRecord: 0.0ms)


Started GET "/users/new" for ::1 at 2016-12-21 14:43:31 -0800
Processing by UsersController#new as HTML
  Rendered users/new.html.erb within layouts/application (3.3ms)
Completed 200 OK in 167ms (Views: 148.1ms | ActiveRecord: 1.9ms)


Started POST "/users" for ::1 at 2016-12-21 14:43:34 -0800
Processing by UsersController#create as HTML
  Parameters: {"utf8"=>"✓", "authenticity_token"=>"Wg7UE6FxOYUVHgLEu5N93V+tPgXBgK4P3rLo8etwnNS6ysQL80MNl+R51GazmfCke1Slc6GogWBEMXtYmO2GWA==", "user"=>{"name"=>"", "email"=>"", "password"=>"[FILTERED]", "age"=>""}, "commit"=>"Create User"}
  [1m[35mUser Exists (0.3ms)[0m  SELECT  1 AS one FROM "users" WHERE LOWER("users"."email") = LOWER('') LIMIT 1
  Rendered users/new.html.erb within layouts/application (48.3ms)
Completed 500 Internal Server Error in 109ms (ActiveRecord: 0.3ms)

ActionView::Template::Error (First argument in form cannot contain nil or be empty):
    12:   <p>Password <input type="password" name="user[password]"></p>
    13:   <input type="submit" value="Create User">
    14: </form> -->
    15: <%= form_for @user, url: {action: "create"}, html: {class:"user_form"} do |f| %>
    16:   <%= label_tag :name, "Name" %>
    17:   <%= f.text_field :name %>
    18:   <%= label_tag :email, "Email" %>
  app/views/users/new.html.erb:15:in `_app_views_users_new_html_erb___575965324629693863_70250065663440'
  app/controllers/users_controller.rb:18:in `create'


  Rendered /Users/Todd/.rvm/gems/ruby-2.2.1/gems/actionpack-4.2.5.1/lib/action_dispatch/middleware/templates/rescues/_source.erb (22.7ms)
  Rendered /Users/Todd/.rvm/gems/ruby-2.2.1/gems/actionpack-4.2.5.1/lib/action_dispatch/middleware/templates/rescues/_trace.html.erb (5.8ms)
  Rendered /Users/Todd/.rvm/gems/ruby-2.2.1/gems/actionpack-4.2.5.1/lib/action_dispatch/middleware/templates/rescues/_request_and_response.html.erb (5.0ms)
  Rendered /Users/Todd/.rvm/gems/ruby-2.2.1/gems/actionpack-4.2.5.1/lib/action_dispatch/middleware/templates/rescues/template_error.html.erb within rescues/layout (217.2ms)
  Rendered /Users/Todd/.rvm/gems/ruby-2.2.1/gems/web-console-2.3.0/lib/web_console/templates/_markup.html.erb (1.0ms)
  Rendered /Users/Todd/.rvm/gems/ruby-2.2.1/gems/web-console-2.3.0/lib/web_console/templates/_inner_console_markup.html.erb within layouts/inlined_string (0.5ms)
  Rendered /Users/Todd/.rvm/gems/ruby-2.2.1/gems/web-console-2.3.0/lib/web_console/templates/_prompt_box_markup.html.erb within layouts/inlined_string (0.6ms)
  Rendered /Users/Todd/.rvm/gems/ruby-2.2.1/gems/web-console-2.3.0/lib/web_console/templates/style.css.erb within layouts/inlined_string (0.8ms)
  Rendered /Users/Todd/.rvm/gems/ruby-2.2.1/gems/web-console-2.3.0/lib/web_console/templates/console.js.erb within layouts/javascript (211.9ms)
  Rendered /Users/Todd/.rvm/gems/ruby-2.2.1/gems/web-console-2.3.0/lib/web_console/templates/main.js.erb within layouts/javascript (0.8ms)
  Rendered /Users/Todd/.rvm/gems/ruby-2.2.1/gems/web-console-2.3.0/lib/web_console/templates/error_page.js.erb within layouts/javascript (0.7ms)
  Rendered /Users/Todd/.rvm/gems/ruby-2.2.1/gems/web-console-2.3.0/lib/web_console/templates/index.html.erb (721.6ms)


Started POST "/users" for ::1 at 2016-12-21 14:44:41 -0800
Processing by UsersController#create as HTML
  Parameters: {"utf8"=>"✓", "authenticity_token"=>"Wg7UE6FxOYUVHgLEu5N93V+tPgXBgK4P3rLo8etwnNS6ysQL80MNl+R51GazmfCke1Slc6GogWBEMXtYmO2GWA==", "user"=>{"name"=>"", "email"=>"", "password"=>"[FILTERED]", "age"=>""}, "commit"=>"Create User"}
  [1m[36mUser Exists (0.5ms)[0m  [1mSELECT  1 AS one FROM "users" WHERE LOWER("users"."email") = LOWER('') LIMIT 1[0m
  Rendered users/new.html.erb within layouts/application (3.3ms)
Completed 200 OK in 220ms (Views: 182.0ms | ActiveRecord: 3.6ms)


Started GET "/users" for ::1 at 2016-12-21 14:45:43 -0800

ActionController::RoutingError (No route matches [GET] "/users"):
  actionpack (4.2.5.1) lib/action_dispatch/middleware/debug_exceptions.rb:21:in `call'
  web-console (2.3.0) lib/web_console/middleware.rb:28:in `block in call'
  web-console (2.3.0) lib/web_console/middleware.rb:18:in `catch'
  web-console (2.3.0) lib/web_console/middleware.rb:18:in `call'
  actionpack (4.2.5.1) lib/action_dispatch/middleware/show_exceptions.rb:30:in `call'
  railties (4.2.5.1) lib/rails/rack/logger.rb:38:in `call_app'
  railties (4.2.5.1) lib/rails/rack/logger.rb:20:in `block in call'
  activesupport (4.2.5.1) lib/active_support/tagged_logging.rb:68:in `block in tagged'
  activesupport (4.2.5.1) lib/active_support/tagged_logging.rb:26:in `tagged'
  activesupport (4.2.5.1) lib/active_support/tagged_logging.rb:68:in `tagged'
  railties (4.2.5.1) lib/rails/rack/logger.rb:20:in `call'
  actionpack (4.2.5.1) lib/action_dispatch/middleware/request_id.rb:21:in `call'
  rack (1.6.5) lib/rack/methodoverride.rb:22:in `call'
  rack (1.6.5) lib/rack/runtime.rb:18:in `call'
  activesupport (4.2.5.1) lib/active_support/cache/strategy/local_cache_middleware.rb:28:in `call'
  rack (1.6.5) lib/rack/lock.rb:17:in `call'
  actionpack (4.2.5.1) lib/action_dispatch/middleware/static.rb:116:in `call'
  rack (1.6.5) lib/rack/sendfile.rb:113:in `call'
  railties (4.2.5.1) lib/rails/engine.rb:518:in `call'
  railties (4.2.5.1) lib/rails/application.rb:165:in `call'
  rack (1.6.5) lib/rack/lock.rb:17:in `call'
  rack (1.6.5) lib/rack/content_length.rb:15:in `call'
  rack (1.6.5) lib/rack/handler/webrick.rb:88:in `service'
  /Users/Todd/.rvm/rubies/ruby-2.2.1/lib/ruby/2.2.0/webrick/httpserver.rb:138:in `service'
  /Users/Todd/.rvm/rubies/ruby-2.2.1/lib/ruby/2.2.0/webrick/httpserver.rb:94:in `run'
  /Users/Todd/.rvm/rubies/ruby-2.2.1/lib/ruby/2.2.0/webrick/server.rb:294:in `block in start_thread'


  Rendered /Users/Todd/.rvm/gems/ruby-2.2.1/gems/actionpack-4.2.5.1/lib/action_dispatch/middleware/templates/rescues/_trace.html.erb (2.4ms)
  Rendered /Users/Todd/.rvm/gems/ruby-2.2.1/gems/actionpack-4.2.5.1/lib/action_dispatch/middleware/templates/routes/_route.html.erb (3.7ms)
  Rendered /Users/Todd/.rvm/gems/ruby-2.2.1/gems/actionpack-4.2.5.1/lib/action_dispatch/middleware/templates/routes/_table.html.erb (3.1ms)
  Rendered /Users/Todd/.rvm/gems/ruby-2.2.1/gems/actionpack-4.2.5.1/lib/action_dispatch/middleware/templates/rescues/_request_and_response.html.erb (1.9ms)
  Rendered /Users/Todd/.rvm/gems/ruby-2.2.1/gems/actionpack-4.2.5.1/lib/action_dispatch/middleware/templates/rescues/routing_error.html.erb within rescues/layout (200.2ms)
  Rendered /Users/Todd/.rvm/gems/ruby-2.2.1/gems/web-console-2.3.0/lib/web_console/templates/_markup.html.erb (1.4ms)
  Rendered /Users/Todd/.rvm/gems/ruby-2.2.1/gems/web-console-2.3.0/lib/web_console/templates/_inner_console_markup.html.erb within layouts/inlined_string (0.6ms)
  Rendered /Users/Todd/.rvm/gems/ruby-2.2.1/gems/web-console-2.3.0/lib/web_console/templates/_prompt_box_markup.html.erb within layouts/inlined_string (0.4ms)
  Rendered /Users/Todd/.rvm/gems/ruby-2.2.1/gems/web-console-2.3.0/lib/web_console/templates/style.css.erb within layouts/inlined_string (8.3ms)
  Rendered /Users/Todd/.rvm/gems/ruby-2.2.1/gems/web-console-2.3.0/lib/web_console/templates/console.js.erb within layouts/javascript (137.0ms)
  Rendered /Users/Todd/.rvm/gems/ruby-2.2.1/gems/web-console-2.3.0/lib/web_console/templates/main.js.erb within layouts/javascript (1.3ms)
  Rendered /Users/Todd/.rvm/gems/ruby-2.2.1/gems/web-console-2.3.0/lib/web_console/templates/error_page.js.erb within layouts/javascript (0.8ms)
  Rendered /Users/Todd/.rvm/gems/ruby-2.2.1/gems/web-console-2.3.0/lib/web_console/templates/index.html.erb (313.9ms)


Started GET "/" for ::1 at 2016-12-21 14:45:49 -0800
Processing by UsersController#index as HTML
  [1m[35mUser Load (0.4ms)[0m  SELECT "users".* FROM "users"
  Rendered users/index.html.erb within layouts/application (2.0ms)
Completed 200 OK in 191ms (Views: 189.1ms | ActiveRecord: 0.4ms)


Started GET "/users/new" for ::1 at 2016-12-21 14:45:52 -0800
Processing by UsersController#new as HTML
  Rendered users/new.html.erb within layouts/application (4.2ms)
Completed 200 OK in 84ms (Views: 82.4ms | ActiveRecord: 0.0ms)


Started POST "/users" for ::1 at 2016-12-21 14:45:53 -0800
Processing by UsersController#create as HTML
  Parameters: {"utf8"=>"✓", "authenticity_token"=>"HXvogbe/2WLpqA2YNPhXm/eMaEKMjph3xeCyWjFa/Pn9v/iZ5Y3tcBjP2zo88tri03XzNOymtxhfYyHzQsfmdQ==", "user"=>{"name"=>"", "email"=>"", "password"=>"[FILTERED]", "age"=>""}, "commit"=>"Create User"}
  [1m[36mUser Exists (0.3ms)[0m  [1mSELECT  1 AS one FROM "users" WHERE LOWER("users"."email") = LOWER('') LIMIT 1[0m
  Rendered users/new.html.erb within layouts/application (3.2ms)
Completed 200 OK in 264ms (Views: 240.6ms | ActiveRecord: 0.3ms)


Started GET "/users" for ::1 at 2016-12-21 14:46:05 -0800

ActionController::RoutingError (No route matches [GET] "/users"):
  actionpack (4.2.5.1) lib/action_dispatch/middleware/debug_exceptions.rb:21:in `call'
  web-console (2.3.0) lib/web_console/middleware.rb:28:in `block in call'
  web-console (2.3.0) lib/web_console/middleware.rb:18:in `catch'
  web-console (2.3.0) lib/web_console/middleware.rb:18:in `call'
  actionpack (4.2.5.1) lib/action_dispatch/middleware/show_exceptions.rb:30:in `call'
  railties (4.2.5.1) lib/rails/rack/logger.rb:38:in `call_app'
  railties (4.2.5.1) lib/rails/rack/logger.rb:20:in `block in call'
  activesupport (4.2.5.1) lib/active_support/tagged_logging.rb:68:in `block in tagged'
  activesupport (4.2.5.1) lib/active_support/tagged_logging.rb:26:in `tagged'
  activesupport (4.2.5.1) lib/active_support/tagged_logging.rb:68:in `tagged'
  railties (4.2.5.1) lib/rails/rack/logger.rb:20:in `call'
  actionpack (4.2.5.1) lib/action_dispatch/middleware/request_id.rb:21:in `call'
  rack (1.6.5) lib/rack/methodoverride.rb:22:in `call'
  rack (1.6.5) lib/rack/runtime.rb:18:in `call'
  activesupport (4.2.5.1) lib/active_support/cache/strategy/local_cache_middleware.rb:28:in `call'
  rack (1.6.5) lib/rack/lock.rb:17:in `call'
  actionpack (4.2.5.1) lib/action_dispatch/middleware/static.rb:116:in `call'
  rack (1.6.5) lib/rack/sendfile.rb:113:in `call'
  railties (4.2.5.1) lib/rails/engine.rb:518:in `call'
  railties (4.2.5.1) lib/rails/application.rb:165:in `call'
  rack (1.6.5) lib/rack/lock.rb:17:in `call'
  rack (1.6.5) lib/rack/content_length.rb:15:in `call'
  rack (1.6.5) lib/rack/handler/webrick.rb:88:in `service'
  /Users/Todd/.rvm/rubies/ruby-2.2.1/lib/ruby/2.2.0/webrick/httpserver.rb:138:in `service'
  /Users/Todd/.rvm/rubies/ruby-2.2.1/lib/ruby/2.2.0/webrick/httpserver.rb:94:in `run'
  /Users/Todd/.rvm/rubies/ruby-2.2.1/lib/ruby/2.2.0/webrick/server.rb:294:in `block in start_thread'


  Rendered /Users/Todd/.rvm/gems/ruby-2.2.1/gems/actionpack-4.2.5.1/lib/action_dispatch/middleware/templates/rescues/_trace.html.erb (3.7ms)
  Rendered /Users/Todd/.rvm/gems/ruby-2.2.1/gems/actionpack-4.2.5.1/lib/action_dispatch/middleware/templates/routes/_route.html.erb (2.8ms)
  Rendered /Users/Todd/.rvm/gems/ruby-2.2.1/gems/actionpack-4.2.5.1/lib/action_dispatch/middleware/templates/routes/_table.html.erb (3.2ms)
  Rendered /Users/Todd/.rvm/gems/ruby-2.2.1/gems/actionpack-4.2.5.1/lib/action_dispatch/middleware/templates/rescues/_request_and_response.html.erb (1.9ms)
  Rendered /Users/Todd/.rvm/gems/ruby-2.2.1/gems/actionpack-4.2.5.1/lib/action_dispatch/middleware/templates/rescues/routing_error.html.erb within rescues/layout (173.1ms)
  Rendered /Users/Todd/.rvm/gems/ruby-2.2.1/gems/web-console-2.3.0/lib/web_console/templates/_markup.html.erb (1.4ms)
  Rendered /Users/Todd/.rvm/gems/ruby-2.2.1/gems/web-console-2.3.0/lib/web_console/templates/_inner_console_markup.html.erb within layouts/inlined_string (0.8ms)
  Rendered /Users/Todd/.rvm/gems/ruby-2.2.1/gems/web-console-2.3.0/lib/web_console/templates/_prompt_box_markup.html.erb within layouts/inlined_string (0.5ms)
  Rendered /Users/Todd/.rvm/gems/ruby-2.2.1/gems/web-console-2.3.0/lib/web_console/templates/style.css.erb within layouts/inlined_string (0.6ms)
  Rendered /Users/Todd/.rvm/gems/ruby-2.2.1/gems/web-console-2.3.0/lib/web_console/templates/console.js.erb within layouts/javascript (146.7ms)
  Rendered /Users/Todd/.rvm/gems/ruby-2.2.1/gems/web-console-2.3.0/lib/web_console/templates/main.js.erb within layouts/javascript (0.5ms)
  Rendered /Users/Todd/.rvm/gems/ruby-2.2.1/gems/web-console-2.3.0/lib/web_console/templates/error_page.js.erb within layouts/javascript (5.6ms)
  Rendered /Users/Todd/.rvm/gems/ruby-2.2.1/gems/web-console-2.3.0/lib/web_console/templates/index.html.erb (294.5ms)


Started GET "/users/new" for ::1 at 2016-12-21 14:46:10 -0800
Processing by UsersController#new as HTML
  Rendered users/new.html.erb within layouts/application (4.0ms)
Completed 200 OK in 51ms (Views: 49.9ms | ActiveRecord: 0.0ms)


Started POST "/users" for ::1 at 2016-12-21 14:46:12 -0800
Processing by UsersController#create as HTML
  Parameters: {"utf8"=>"✓", "authenticity_token"=>"LXWDF0N6QJM+LuS6CLtLcF2lNslxIEe+ur+ULV5qtKHNsZMPEUh0gc9JMhgAscYJeVytvxEIaNEgPAeELfeuLQ==", "user"=>{"name"=>"", "email"=>"", "password"=>"[FILTERED]", "age"=>""}, "commit"=>"Create User"}
  [1m[35mUser Exists (0.4ms)[0m  SELECT  1 AS one FROM "users" WHERE LOWER("users"."email") = LOWER('') LIMIT 1
  Rendered users/new.html.erb within layouts/application (7.8ms)
Completed 500 Internal Server Error in 41ms (ActiveRecord: 0.4ms)

ActionView::Template::Error (undefined method `details' for #<ActiveModel::Errors:0x007fc8c23a6028>):
     8:   <input type="submit" value="Create User">
     9: </form> -->
    10: <% if @user.errors.any? %>
    11:   <%= @user.errors.details %>
    12: <% end %>
    13: <%= form_for @user, url: {action: "create"}, html: {class:"user_form"} do |f| %>
    14:   <%= label_tag :name, "Name" %>
  app/views/users/new.html.erb:11:in `_app_views_users_new_html_erb___575965324629693863_70250113037500'
  app/controllers/users_controller.rb:19:in `create'


  Rendered /Users/Todd/.rvm/gems/ruby-2.2.1/gems/actionpack-4.2.5.1/lib/action_dispatch/middleware/templates/rescues/_source.erb (22.6ms)
  Rendered /Users/Todd/.rvm/gems/ruby-2.2.1/gems/actionpack-4.2.5.1/lib/action_dispatch/middleware/templates/rescues/_trace.html.erb (5.8ms)
  Rendered /Users/Todd/.rvm/gems/ruby-2.2.1/gems/actionpack-4.2.5.1/lib/action_dispatch/middleware/templates/rescues/_request_and_response.html.erb (9.2ms)
  Rendered /Users/Todd/.rvm/gems/ruby-2.2.1/gems/actionpack-4.2.5.1/lib/action_dispatch/middleware/templates/rescues/template_error.html.erb within rescues/layout (275.1ms)
  Rendered /Users/Todd/.rvm/gems/ruby-2.2.1/gems/web-console-2.3.0/lib/web_console/templates/_markup.html.erb (0.8ms)
  Rendered /Users/Todd/.rvm/gems/ruby-2.2.1/gems/web-console-2.3.0/lib/web_console/templates/_inner_console_markup.html.erb within layouts/inlined_string (0.5ms)
  Rendered /Users/Todd/.rvm/gems/ruby-2.2.1/gems/web-console-2.3.0/lib/web_console/templates/_prompt_box_markup.html.erb within layouts/inlined_string (0.6ms)
  Rendered /Users/Todd/.rvm/gems/ruby-2.2.1/gems/web-console-2.3.0/lib/web_console/templates/style.css.erb within layouts/inlined_string (1.7ms)
  Rendered /Users/Todd/.rvm/gems/ruby-2.2.1/gems/web-console-2.3.0/lib/web_console/templates/console.js.erb within layouts/javascript (141.7ms)
  Rendered /Users/Todd/.rvm/gems/ruby-2.2.1/gems/web-console-2.3.0/lib/web_console/templates/main.js.erb within layouts/javascript (0.7ms)
  Rendered /Users/Todd/.rvm/gems/ruby-2.2.1/gems/web-console-2.3.0/lib/web_console/templates/error_page.js.erb within layouts/javascript (1.1ms)
  Rendered /Users/Todd/.rvm/gems/ruby-2.2.1/gems/web-console-2.3.0/lib/web_console/templates/index.html.erb (314.5ms)


Started GET "/users/new" for ::1 at 2016-12-21 14:46:34 -0800
Processing by UsersController#new as HTML
  Rendered users/new.html.erb within layouts/application (2.1ms)
Completed 200 OK in 44ms (Views: 42.6ms | ActiveRecord: 0.0ms)


Started POST "/users" for ::1 at 2016-12-21 14:47:14 -0800
Processing by UsersController#create as HTML
  Parameters: {"utf8"=>"✓", "authenticity_token"=>"SgMdgU6RhoA+FJlXE5cXswOvJTZ9GbRp/fYoRe5d7Uaqxw2ZHKOyks9zT/UbnZrKJ1a+QB0xmwZndbvsncD3yg==", "user"=>{"name"=>"", "email"=>"", "password"=>"[FILTERED]", "age"=>""}, "commit"=>"Create User"}
  [1m[36mUser Exists (5.5ms)[0m  [1mSELECT  1 AS one FROM "users" WHERE LOWER("users"."email") = LOWER('') LIMIT 1[0m
  Rendered users/new.html.erb within layouts/application (4.7ms)
Completed 200 OK in 152ms (Views: 125.2ms | ActiveRecord: 5.5ms)


Started GET "/users/new" for ::1 at 2016-12-21 14:49:19 -0800
Processing by UsersController#new as HTML
  Rendered users/new.html.erb within layouts/application (5.0ms)
Completed 200 OK in 252ms (Views: 250.4ms | ActiveRecord: 0.0ms)


Started POST "/users" for ::1 at 2016-12-21 14:49:21 -0800
Processing by UsersController#create as HTML
  Parameters: {"utf8"=>"✓", "authenticity_token"=>"Wov2am+nIIoB5uceoCIMn2tNwXdMayhYw7lFiR/nFI+6T+ZyPZUUmPCBMbyoKIHmT7RaASxDBzdZOtYgbHoOAw==", "user"=>{"name"=>"", "email"=>"", "password"=>"[FILTERED]", "age"=>""}, "commit"=>"Create User"}
  [1m[35mUser Exists (0.3ms)[0m  SELECT  1 AS one FROM "users" WHERE LOWER("users"."email") = LOWER('') LIMIT 1
  Rendered users/new.html.erb within layouts/application (2.0ms)
Completed 200 OK in 68ms (Views: 48.0ms | ActiveRecord: 0.3ms)


Started POST "/users" for ::1 at 2016-12-21 14:49:41 -0800
Processing by UsersController#create as HTML
  Parameters: {"utf8"=>"✓", "authenticity_token"=>"qJTzxCfjozNmWUjYJBIR/+QIJEQ/glRy7Zja90xKi1FIUOPcddGXIZc+nnosGJyGwPG/Ml+qex13G0leP9eR3Q==", "user"=>{"name"=>"asdfasdf", "email"=>"", "password"=>"[FILTERED]", "age"=>""}, "commit"=>"Create User"}
  [1m[36mUser Exists (0.5ms)[0m  [1mSELECT  1 AS one FROM "users" WHERE LOWER("users"."email") = LOWER('') LIMIT 1[0m
  Rendered users/new.html.erb within layouts/application (2.3ms)
Completed 200 OK in 133ms (Views: 117.4ms | ActiveRecord: 0.5ms)


Started GET "/users" for ::1 at 2016-12-21 14:50:40 -0800

ActionController::RoutingError (No route matches [GET] "/users"):
  actionpack (4.2.5.1) lib/action_dispatch/middleware/debug_exceptions.rb:21:in `call'
  web-console (2.3.0) lib/web_console/middleware.rb:28:in `block in call'
  web-console (2.3.0) lib/web_console/middleware.rb:18:in `catch'
  web-console (2.3.0) lib/web_console/middleware.rb:18:in `call'
  actionpack (4.2.5.1) lib/action_dispatch/middleware/show_exceptions.rb:30:in `call'
  railties (4.2.5.1) lib/rails/rack/logger.rb:38:in `call_app'
  railties (4.2.5.1) lib/rails/rack/logger.rb:20:in `block in call'
  activesupport (4.2.5.1) lib/active_support/tagged_logging.rb:68:in `block in tagged'
  activesupport (4.2.5.1) lib/active_support/tagged_logging.rb:26:in `tagged'
  activesupport (4.2.5.1) lib/active_support/tagged_logging.rb:68:in `tagged'
  railties (4.2.5.1) lib/rails/rack/logger.rb:20:in `call'
  actionpack (4.2.5.1) lib/action_dispatch/middleware/request_id.rb:21:in `call'
  rack (1.6.5) lib/rack/methodoverride.rb:22:in `call'
  rack (1.6.5) lib/rack/runtime.rb:18:in `call'
  activesupport (4.2.5.1) lib/active_support/cache/strategy/local_cache_middleware.rb:28:in `call'
  rack (1.6.5) lib/rack/lock.rb:17:in `call'
  actionpack (4.2.5.1) lib/action_dispatch/middleware/static.rb:116:in `call'
  rack (1.6.5) lib/rack/sendfile.rb:113:in `call'
  railties (4.2.5.1) lib/rails/engine.rb:518:in `call'
  railties (4.2.5.1) lib/rails/application.rb:165:in `call'
  rack (1.6.5) lib/rack/lock.rb:17:in `call'
  rack (1.6.5) lib/rack/content_length.rb:15:in `call'
  rack (1.6.5) lib/rack/handler/webrick.rb:88:in `service'
  /Users/Todd/.rvm/rubies/ruby-2.2.1/lib/ruby/2.2.0/webrick/httpserver.rb:138:in `service'
  /Users/Todd/.rvm/rubies/ruby-2.2.1/lib/ruby/2.2.0/webrick/httpserver.rb:94:in `run'
  /Users/Todd/.rvm/rubies/ruby-2.2.1/lib/ruby/2.2.0/webrick/server.rb:294:in `block in start_thread'


  Rendered /Users/Todd/.rvm/gems/ruby-2.2.1/gems/actionpack-4.2.5.1/lib/action_dispatch/middleware/templates/rescues/_trace.html.erb (2.4ms)
  Rendered /Users/Todd/.rvm/gems/ruby-2.2.1/gems/actionpack-4.2.5.1/lib/action_dispatch/middleware/templates/routes/_route.html.erb (2.1ms)
  Rendered /Users/Todd/.rvm/gems/ruby-2.2.1/gems/actionpack-4.2.5.1/lib/action_dispatch/middleware/templates/routes/_table.html.erb (2.6ms)
  Rendered /Users/Todd/.rvm/gems/ruby-2.2.1/gems/actionpack-4.2.5.1/lib/action_dispatch/middleware/templates/rescues/_request_and_response.html.erb (4.9ms)
  Rendered /Users/Todd/.rvm/gems/ruby-2.2.1/gems/actionpack-4.2.5.1/lib/action_dispatch/middleware/templates/rescues/routing_error.html.erb within rescues/layout (478.8ms)
  Rendered /Users/Todd/.rvm/gems/ruby-2.2.1/gems/web-console-2.3.0/lib/web_console/templates/_markup.html.erb (1.6ms)
  Rendered /Users/Todd/.rvm/gems/ruby-2.2.1/gems/web-console-2.3.0/lib/web_console/templates/_inner_console_markup.html.erb within layouts/inlined_string (0.6ms)
  Rendered /Users/Todd/.rvm/gems/ruby-2.2.1/gems/web-console-2.3.0/lib/web_console/templates/_prompt_box_markup.html.erb within layouts/inlined_string (0.5ms)
  Rendered /Users/Todd/.rvm/gems/ruby-2.2.1/gems/web-console-2.3.0/lib/web_console/templates/style.css.erb within layouts/inlined_string (3.8ms)
  Rendered /Users/Todd/.rvm/gems/ruby-2.2.1/gems/web-console-2.3.0/lib/web_console/templates/console.js.erb within layouts/javascript (348.8ms)
  Rendered /Users/Todd/.rvm/gems/ruby-2.2.1/gems/web-console-2.3.0/lib/web_console/templates/main.js.erb within layouts/javascript (0.9ms)
  Rendered /Users/Todd/.rvm/gems/ruby-2.2.1/gems/web-console-2.3.0/lib/web_console/templates/error_page.js.erb within layouts/javascript (3.0ms)
  Rendered /Users/Todd/.rvm/gems/ruby-2.2.1/gems/web-console-2.3.0/lib/web_console/templates/index.html.erb (848.4ms)


Started GET "/users/new" for ::1 at 2016-12-21 14:50:47 -0800
Processing by UsersController#new as HTML
  Rendered users/new.html.erb within layouts/application (4.9ms)
Completed 200 OK in 124ms (Views: 122.1ms | ActiveRecord: 0.0ms)


Started POST "/users" for ::1 at 2016-12-21 14:50:49 -0800
Processing by UsersController#create as HTML
  Parameters: {"utf8"=>"✓", "authenticity_token"=>"vOtry35t27OFSw28RV1E8MJqFNR0Qg7ndqeA2iYdvR1cL3vTLF/voXQs2x5NV8mJ5pOPohRqIYjsJBNzVYCnkQ==", "user"=>{"name"=>"", "email"=>"", "password"=>"[FILTERED]", "age"=>""}, "commit"=>"Create User"}
  [1m[35mUser Exists (0.2ms)[0m  SELECT  1 AS one FROM "users" WHERE LOWER("users"."email") = LOWER('') LIMIT 1
  Rendered users/new.html.erb within layouts/application (2.0ms)
Completed 200 OK in 81ms (Views: 68.1ms | ActiveRecord: 0.2ms)
