

Started GET "/" for ::1 at 2016-11-21 14:38:53 -0800
Processing by Rails::WelcomeController#index as HTML
  Rendered /Users/Todd/.rvm/gems/ruby-2.2.1/gems/railties-4.2.5.1/lib/rails/templates/rails/welcome/index.html.erb (3.8ms)
Completed 200 OK in 94ms (Views: 56.5ms | ActiveRecord: 0.0ms)


Started GET "/" for ::1 at 2016-11-21 14:38:54 -0800
Processing by Rails::WelcomeController#index as HTML
  Rendered /Users/Todd/.rvm/gems/ruby-2.2.1/gems/railties-4.2.5.1/lib/rails/templates/rails/welcome/index.html.erb (0.1ms)
Completed 200 OK in 6ms (Views: 4.6ms | ActiveRecord: 0.0ms)


Started GET "/users/index" for ::1 at 2016-11-21 14:39:22 -0800
Processing by UsersController#index as HTML
  Rendered users/index.html.erb within layouts/application (0.4ms)
Completed 200 OK in 4267ms (Views: 4265.6ms | ActiveRecord: 0.0ms)


Started GET "/users/index" for ::1 at 2016-11-21 14:39:27 -0800
Processing by UsersController#index as HTML
  Rendered users/index.html.erb within layouts/application (0.2ms)
Completed 200 OK in 93ms (Views: 91.3ms | ActiveRecord: 0.0ms)


Started GET "/assets/users.self-877aef30ae1b040ab8a3aba4e3e309a11d7f2612f44dde450b5c157aa5f95c05.js?body=1" for ::1 at 2016-11-21 14:39:27 -0800


Started GET "/assets/users.self-e3b0c44298fc1c149afbf4c8996fb92427ae41e4649b934ca495991b7852b855.css?body=1" for ::1 at 2016-11-21 14:39:27 -0800


Started GET "/users/new" for ::1 at 2016-11-21 14:40:30 -0800
Processing by UsersController#new as HTML
  Rendered users/new.html.erb within layouts/application (0.9ms)
Completed 200 OK in 171ms (Views: 167.6ms | ActiveRecord: 0.0ms)


Started GET "/users/index" for ::1 at 2016-11-21 14:40:45 -0800
Processing by UsersController#index as HTML
  Rendered users/index.html.erb within layouts/application (0.7ms)
Completed 200 OK in 181ms (Views: 177.8ms | ActiveRecord: 0.0ms)


Started GET "/users/index" for ::1 at 2016-11-21 14:42:21 -0800
Processing by UsersController#index as HTML
  Rendered users/index.html.erb within layouts/application (0.1ms)
Completed 200 OK in 217ms (Views: 204.8ms | ActiveRecord: 0.0ms)


Started GET "/users/new" for ::1 at 2016-11-21 14:42:23 -0800
Processing by UsersController#new as HTML
  Rendered users/new.html.erb within layouts/application (0.9ms)
Completed 200 OK in 176ms (Views: 152.7ms | ActiveRecord: 0.0ms)


Started GET "/users/index" for ::1 at 2016-11-21 14:57:21 -0800
Processing by UsersController#index as HTML
  Rendered users/index.html.erb within layouts/application (127.7ms)
Completed 500 Internal Server Error in 167ms (ActiveRecord: 0.0ms)

ActionView::Template::Error (undefined method `name' for {:name=>"Todd"}:Hash):
     5:   <tbody>
     6:     <% @users.each do |user| %>
     7:     <tr>
     8:       <td><%= user.name %></td>
     9:     </tr>
    10:     <% end %>
    11:   </tbody>
  app/views/users/index.html.erb:8:in `block in _app_views_users_index_html_erb___3186427423513306152_70122078147800'
  app/views/users/index.html.erb:6:in `each'
  app/views/users/index.html.erb:6:in `_app_views_users_index_html_erb___3186427423513306152_70122078147800'


  Rendered /Users/Todd/.rvm/gems/ruby-2.2.1/gems/actionpack-4.2.5.1/lib/action_dispatch/middleware/templates/rescues/_source.erb (17.5ms)
  Rendered /Users/Todd/.rvm/gems/ruby-2.2.1/gems/actionpack-4.2.5.1/lib/action_dispatch/middleware/templates/rescues/_trace.html.erb (5.8ms)
  Rendered /Users/Todd/.rvm/gems/ruby-2.2.1/gems/actionpack-4.2.5.1/lib/action_dispatch/middleware/templates/rescues/_request_and_response.html.erb (1.8ms)
  Rendered /Users/Todd/.rvm/gems/ruby-2.2.1/gems/actionpack-4.2.5.1/lib/action_dispatch/middleware/templates/rescues/template_error.html.erb within rescues/layout (220.5ms)
  Rendered /Users/Todd/.rvm/gems/ruby-2.2.1/gems/web-console-2.3.0/lib/web_console/templates/_markup.html.erb (2.2ms)
  Rendered /Users/Todd/.rvm/gems/ruby-2.2.1/gems/web-console-2.3.0/lib/web_console/templates/_inner_console_markup.html.erb within layouts/inlined_string (0.7ms)
  Rendered /Users/Todd/.rvm/gems/ruby-2.2.1/gems/web-console-2.3.0/lib/web_console/templates/_prompt_box_markup.html.erb within layouts/inlined_string (0.5ms)
  Rendered /Users/Todd/.rvm/gems/ruby-2.2.1/gems/web-console-2.3.0/lib/web_console/templates/style.css.erb within layouts/inlined_string (0.5ms)
  Rendered /Users/Todd/.rvm/gems/ruby-2.2.1/gems/web-console-2.3.0/lib/web_console/templates/console.js.erb within layouts/javascript (375.6ms)
  Rendered /Users/Todd/.rvm/gems/ruby-2.2.1/gems/web-console-2.3.0/lib/web_console/templates/main.js.erb within layouts/javascript (0.9ms)
  Rendered /Users/Todd/.rvm/gems/ruby-2.2.1/gems/web-console-2.3.0/lib/web_console/templates/error_page.js.erb within layouts/javascript (0.8ms)
  Rendered /Users/Todd/.rvm/gems/ruby-2.2.1/gems/web-console-2.3.0/lib/web_console/templates/index.html.erb (754.4ms)


Started GET "/users/index" for ::1 at 2016-11-21 14:57:23 -0800
Processing by UsersController#index as HTML
  Rendered users/index.html.erb within layouts/application (11.5ms)
Completed 500 Internal Server Error in 26ms (ActiveRecord: 0.0ms)

ActionView::Template::Error (undefined method `name' for {:name=>"Todd"}:Hash):
     5:   <tbody>
     6:     <% @users.each do |user| %>
     7:     <tr>
     8:       <td><%= user.name %></td>
     9:     </tr>
    10:     <% end %>
    11:   </tbody>
  app/views/users/index.html.erb:8:in `block in _app_views_users_index_html_erb___3186427423513306152_70122078147800'
  app/views/users/index.html.erb:6:in `each'
  app/views/users/index.html.erb:6:in `_app_views_users_index_html_erb___3186427423513306152_70122078147800'


  Rendered /Users/Todd/.rvm/gems/ruby-2.2.1/gems/actionpack-4.2.5.1/lib/action_dispatch/middleware/templates/rescues/_source.erb (24.4ms)
  Rendered /Users/Todd/.rvm/gems/ruby-2.2.1/gems/actionpack-4.2.5.1/lib/action_dispatch/middleware/templates/rescues/_trace.html.erb (5.6ms)
  Rendered /Users/Todd/.rvm/gems/ruby-2.2.1/gems/actionpack-4.2.5.1/lib/action_dispatch/middleware/templates/rescues/_request_and_response.html.erb (3.0ms)
  Rendered /Users/Todd/.rvm/gems/ruby-2.2.1/gems/actionpack-4.2.5.1/lib/action_dispatch/middleware/templates/rescues/template_error.html.erb within rescues/layout (175.7ms)
  Rendered /Users/Todd/.rvm/gems/ruby-2.2.1/gems/web-console-2.3.0/lib/web_console/templates/_markup.html.erb (0.8ms)
  Rendered /Users/Todd/.rvm/gems/ruby-2.2.1/gems/web-console-2.3.0/lib/web_console/templates/_inner_console_markup.html.erb within layouts/inlined_string (0.8ms)
  Rendered /Users/Todd/.rvm/gems/ruby-2.2.1/gems/web-console-2.3.0/lib/web_console/templates/_prompt_box_markup.html.erb within layouts/inlined_string (1.7ms)
  Rendered /Users/Todd/.rvm/gems/ruby-2.2.1/gems/web-console-2.3.0/lib/web_console/templates/style.css.erb within layouts/inlined_string (6.4ms)
  Rendered /Users/Todd/.rvm/gems/ruby-2.2.1/gems/web-console-2.3.0/lib/web_console/templates/console.js.erb within layouts/javascript (177.3ms)
  Rendered /Users/Todd/.rvm/gems/ruby-2.2.1/gems/web-console-2.3.0/lib/web_console/templates/main.js.erb within layouts/javascript (0.5ms)
  Rendered /Users/Todd/.rvm/gems/ruby-2.2.1/gems/web-console-2.3.0/lib/web_console/templates/error_page.js.erb within layouts/javascript (0.6ms)
  Rendered /Users/Todd/.rvm/gems/ruby-2.2.1/gems/web-console-2.3.0/lib/web_console/templates/index.html.erb (383.9ms)


Started GET "/users/index" for ::1 at 2016-11-21 14:57:44 -0800
Processing by UsersController#index as HTML
  Rendered users/index.html.erb within layouts/application (1.7ms)
Completed 200 OK in 357ms (Views: 344.2ms | ActiveRecord: 0.0ms)


Started GET "/users/index" for ::1 at 2016-11-21 15:12:55 -0800
Processing by UsersController#index as HTML
  Rendered users/index.html.erb within layouts/two_column (0.9ms)
Completed 200 OK in 284ms (Views: 282.4ms | ActiveRecord: 0.0ms)


Started GET "/users/index" for ::1 at 2016-11-21 15:13:25 -0800
Processing by UsersController#index as HTML
  Rendered users/index.html.erb within layouts/two_column (0.3ms)
Completed 200 OK in 63ms (Views: 61.2ms | ActiveRecord: 0.0ms)


Started GET "/users/index" for ::1 at 2016-11-21 15:13:41 -0800
Processing by UsersController#index as HTML
  Rendered users/index.html.erb within layouts/two_column (0.8ms)
Completed 200 OK in 80ms (Views: 74.6ms | ActiveRecord: 0.0ms)
